TN:
SF:src/App.tsx
FN:32,(anonymous_1)
FN:36,(anonymous_2)
FN:42,(anonymous_3)
FN:46,(anonymous_4)
FNF:4
FNH:0
FNDA:0,(anonymous_1)
FNDA:0,(anonymous_2)
FNDA:0,(anonymous_3)
FNDA:0,(anonymous_4)
DA:2,0
DA:3,0
DA:4,0
DA:5,0
DA:8,0
DA:9,0
DA:10,0
DA:11,0
DA:12,0
DA:13,0
DA:14,0
DA:15,0
DA:16,0
DA:17,0
DA:18,0
DA:19,0
DA:22,0
DA:32,0
DA:33,0
DA:36,0
DA:37,0
DA:38,0
DA:42,0
DA:43,0
DA:46,0
DA:47,0
DA:50,0
DA:134,0
LF:28
LH:0
BRDA:37,0,0,0
BRDA:37,0,1,0
BRDA:43,1,0,0
BRDA:43,1,1,0
BRDA:47,2,0,0
BRDA:47,2,1,0
BRF:6
BRH:0
end_of_record
TN:
SF:src/components/agents/AgentChatPage.tsx
FN:7,(anonymous_1)
FN:11,(anonymous_2)
FNF:2
FNH:0
FNDA:0,(anonymous_1)
FNDA:0,(anonymous_2)
DA:2,0
DA:3,0
DA:4,0
DA:5,0
DA:7,0
DA:8,0
DA:9,0
DA:11,0
DA:12,0
DA:13,0
DA:14,0
DA:15,0
DA:21,0
DA:22,0
DA:25,0
LF:15
LH:0
BRDA:12,0,0,0
BRDA:12,0,1,0
BRDA:14,1,0,0
BRDA:14,1,1,0
BRDA:21,2,0,0
BRDA:21,2,1,0
BRDA:21,3,0,0
BRDA:21,3,1,0
BRF:8
BRH:0
end_of_record
TN:
SF:src/components/agents/PersonalizedAgentCard.tsx
FN:41,(anonymous_6)
FN:83,(anonymous_7)
FN:89,(anonymous_8)
FN:132,(anonymous_9)
FN:138,(anonymous_10)
FN:144,(anonymous_11)
FN:151,(anonymous_12)
FN:158,(anonymous_13)
FN:279,(anonymous_14)
FN:319,(anonymous_15)
FN:349,extractRecommendations
FN:377,isOptimalTimeForAgent
FNF:12
FNH:4
FNDA:58,(anonymous_6)
FNDA:0,(anonymous_7)
FNDA:0,(anonymous_8)
FNDA:0,(anonymous_9)
FNDA:0,(anonymous_10)
FNDA:58,(anonymous_11)
FNDA:58,(anonymous_12)
FNDA:58,(anonymous_13)
FNDA:0,(anonymous_14)
FNDA:0,(anonymous_15)
FNDA:0,extractRecommendations
FNDA:0,isOptimalTimeForAgent
DA:7,1
DA:8,1
DA:9,1
DA:11,1
DA:12,1
DA:13,1
DA:14,1
DA:15,1
DA:16,1
DA:41,1
DA:57,58
DA:64,58
DA:66,58
DA:80,58
DA:83,58
DA:84,0
DA:85,0
DA:89,58
DA:90,0
DA:92,0
DA:94,0
DA:97,0
DA:100,0
DA:103,0
DA:114,0
DA:115,0
DA:117,0
DA:126,0
DA:128,0
DA:132,58
DA:133,0
DA:134,0
DA:138,58
DA:139,0
DA:140,0
DA:144,58
DA:145,58
DA:146,58
DA:147,58
DA:148,58
DA:151,58
DA:152,58
DA:153,58
DA:154,58
DA:155,58
DA:158,58
DA:159,58
DA:161,56
DA:166,56
DA:168,56
DA:175,58
DA:177,58
DA:280,0
DA:320,0
DA:321,0
DA:350,0
DA:352,0
DA:353,0
DA:355,0
DA:356,0
DA:357,0
DA:358,0
DA:361,0
DA:362,0
DA:363,0
DA:364,0
DA:367,0
DA:368,0
DA:369,0
DA:370,0
DA:374,0
DA:378,0
DA:390,0
DA:391,0
LF:74
LH:35
BRDA:47,0,0,56
BRDA:84,1,0,0
BRDA:84,1,1,0
BRDA:121,2,0,0
BRDA:121,2,1,0
BRDA:133,3,0,0
BRDA:133,3,1,0
BRDA:139,4,0,0
BRDA:139,4,1,0
BRDA:145,5,0,0
BRDA:145,5,1,58
BRDA:146,6,0,0
BRDA:146,6,1,58
BRDA:147,7,0,0
BRDA:147,7,1,58
BRDA:152,8,0,0
BRDA:152,8,1,58
BRDA:153,9,0,0
BRDA:153,9,1,58
BRDA:154,10,0,0
BRDA:154,10,1,58
BRDA:159,11,0,2
BRDA:159,11,1,56
BRDA:170,12,0,18
BRDA:170,12,1,38
BRDA:171,13,0,18
BRDA:171,13,1,38
BRDA:186,14,0,2
BRDA:186,14,1,56
BRDA:187,15,0,0
BRDA:187,15,1,58
BRDA:217,16,0,58
BRDA:217,16,1,0
BRDA:227,17,0,58
BRDA:227,17,1,0
BRDA:234,18,0,58
BRDA:234,18,1,0
BRDA:236,19,0,58
BRDA:236,19,1,58
BRDA:241,20,0,58
BRDA:241,20,1,56
BRDA:265,21,0,58
BRDA:265,21,1,0
BRDA:275,22,0,58
BRDA:275,22,1,0
BRDA:290,23,0,58
BRDA:290,23,1,24
BRDA:294,24,0,24
BRDA:294,24,1,24
BRDA:302,25,0,24
BRDA:302,25,1,24
BRDA:330,26,0,58
BRDA:330,26,1,0
BRDA:352,27,0,0
BRDA:352,27,1,0
BRDA:355,28,0,0
BRDA:355,28,1,0
BRDA:357,29,0,0
BRDA:357,29,1,0
BRDA:361,30,0,0
BRDA:361,30,1,0
BRDA:363,31,0,0
BRDA:363,31,1,0
BRDA:367,32,0,0
BRDA:367,32,1,0
BRDA:369,33,0,0
BRDA:369,33,1,0
BRDA:391,34,0,0
BRDA:391,34,1,0
BRF:69
BRH:32
end_of_record
TN:
SF:src/components/biometrics/BiometricsCharts.tsx
FN:17,(anonymous_1)
FNF:1
FNH:0
FNDA:0,(anonymous_1)
DA:2,0
DA:3,0
DA:4,0
DA:7,0
DA:17,0
DA:18,0
LF:6
LH:0
BRF:0
BRH:0
end_of_record
TN:
SF:src/components/biometrics/BiometricsHeader.tsx
FN:11,(anonymous_1)
FN:20,(anonymous_2)
FN:29,(anonymous_3)
FNF:3
FNH:0
FNDA:0,(anonymous_1)
FNDA:0,(anonymous_2)
FNDA:0,(anonymous_3)
DA:2,0
DA:3,0
DA:4,0
DA:5,0
DA:6,0
DA:7,0
DA:8,0
DA:9,0
DA:11,0
DA:16,0
DA:18,0
DA:20,0
DA:22,0
DA:29,0
LF:14
LH:0
BRDA:28,0,0,0
BRDA:28,0,1,0
BRDA:36,1,0,0
BRDA:36,1,1,0
BRDA:44,2,0,0
BRDA:44,2,1,0
BRDA:71,3,0,0
BRDA:71,3,1,0
BRF:8
BRH:0
end_of_record
TN:
SF:src/components/biometrics/BiometricsMetrics.tsx
FN:27,(anonymous_1)
FN:62,(anonymous_2)
FN:68,(anonymous_3)
FN:69,(anonymous_4)
FNF:4
FNH:0
FNDA:0,(anonymous_1)
FNDA:0,(anonymous_2)
FNDA:0,(anonymous_3)
FNDA:0,(anonymous_4)
DA:2,0
DA:3,0
DA:4,0
DA:5,0
DA:6,0
DA:9,0
DA:27,0
DA:28,0
DA:62,0
DA:63,0
DA:65,0
DA:68,0
DA:69,0
DA:70,0
DA:73,0
DA:74,0
DA:75,0
DA:77,0
LF:18
LH:0
BRDA:33,0,0,0
BRDA:33,0,1,0
BRDA:45,1,0,0
BRDA:45,1,1,0
BRDA:46,2,0,0
BRDA:46,2,1,0
BRDA:47,3,0,0
BRDA:47,3,1,0
BRDA:51,4,0,0
BRDA:51,4,1,0
BRDA:52,5,0,0
BRDA:52,5,1,0
BRDA:53,6,0,0
BRDA:53,6,1,0
BRDA:55,7,0,0
BRDA:55,7,1,0
BRDA:55,8,0,0
BRDA:55,8,1,0
BRDA:70,9,0,0
BRDA:70,9,1,0
BRDA:81,10,0,0
BRDA:81,10,1,0
BRDA:89,11,0,0
BRDA:89,11,1,0
BRDA:97,12,0,0
BRDA:97,12,1,0
BRF:26
BRH:0
end_of_record
TN:
SF:src/components/biometrics/BiometricsOverview.tsx
FN:9,(anonymous_1)
FNF:1
FNH:0
FNDA:0,(anonymous_1)
DA:2,0
DA:3,0
DA:4,0
DA:5,0
DA:6,0
DA:7,0
DA:9,0
DA:10,0
LF:8
LH:0
BRF:0
BRH:0
end_of_record
TN:
SF:src/components/chat/CameraCapture.tsx
FN:12,(anonymous_6)
FN:23,(anonymous_7)
FN:52,(anonymous_8)
FN:64,(anonymous_9)
FN:66,(anonymous_10)
FN:73,(anonymous_11)
FN:90,(anonymous_12)
FN:92,(anonymous_13)
FN:99,(anonymous_14)
FN:103,(anonymous_15)
FN:104,(anonymous_16)
FN:126,(anonymous_17)
FN:127,(anonymous_18)
FN:134,(anonymous_19)
FN:143,(anonymous_20)
FN:155,(anonymous_21)
FN:240,(anonymous_22)
FNF:17
FNH:0
FNDA:0,(anonymous_6)
FNDA:0,(anonymous_7)
FNDA:0,(anonymous_8)
FNDA:0,(anonymous_9)
FNDA:0,(anonymous_10)
FNDA:0,(anonymous_11)
FNDA:0,(anonymous_12)
FNDA:0,(anonymous_13)
FNDA:0,(anonymous_14)
FNDA:0,(anonymous_15)
FNDA:0,(anonymous_16)
FNDA:0,(anonymous_17)
FNDA:0,(anonymous_18)
FNDA:0,(anonymous_19)
FNDA:0,(anonymous_20)
FNDA:0,(anonymous_21)
FNDA:0,(anonymous_22)
DA:1,0
DA:2,0
DA:3,0
DA:4,0
DA:12,0
DA:13,0
DA:14,0
DA:15,0
DA:16,0
DA:17,0
DA:18,0
DA:19,0
DA:20,0
DA:21,0
DA:23,0
DA:24,0
DA:25,0
DA:27,0
DA:28,0
DA:36,0
DA:37,0
DA:39,0
DA:40,0
DA:41,0
DA:42,0
DA:45,0
DA:46,0
DA:49,0
DA:50,0
DA:51,0
DA:52,0
DA:53,0
DA:54,0
DA:55,0
DA:58,0
DA:60,0
DA:64,0
DA:65,0
DA:66,0
DA:67,0
DA:69,0
DA:70,0
DA:73,0
DA:74,0
DA:75,0
DA:76,0
DA:78,0
DA:79,0
DA:81,0
DA:82,0
DA:83,0
DA:84,0
DA:85,0
DA:90,0
DA:91,0
DA:92,0
DA:93,0
DA:94,0
DA:96,0
DA:99,0
DA:100,0
DA:102,0
DA:103,0
DA:105,0
DA:106,0
DA:107,0
DA:109,0
DA:118,0
DA:119,0
DA:120,0
DA:121,0
DA:126,0
DA:127,0
DA:128,0
DA:129,0
DA:130,0
DA:134,0
DA:135,0
DA:136,0
DA:137,0
DA:138,0
DA:139,0
DA:142,0
DA:144,0
DA:145,0
DA:146,0
DA:155,0
DA:240,0
LF:88
LH:0
BRDA:39,0,0,0
BRDA:39,0,1,0
BRDA:54,1,0,0
BRDA:54,1,1,0
BRDA:65,2,0,0
BRDA:65,2,1,0
BRDA:74,3,0,0
BRDA:74,3,1,0
BRDA:74,4,0,0
BRDA:74,4,1,0
BRDA:82,5,0,0
BRDA:82,5,1,0
BRDA:100,6,0,0
BRDA:100,6,1,0
BRDA:127,7,0,0
BRDA:127,7,1,0
BRDA:128,8,0,0
BRDA:128,8,1,0
BRDA:145,9,0,0
BRDA:145,9,1,0
BRDA:169,10,0,0
BRDA:169,10,1,0
BRDA:169,10,2,0
BRDA:169,10,3,0
BRDA:173,11,0,0
BRDA:173,11,1,0
BRDA:186,12,0,0
BRDA:186,12,1,0
BRDA:200,13,0,0
BRDA:200,13,1,0
BRDA:200,13,2,0
BRDA:231,14,0,0
BRDA:231,14,1,0
BRF:33
BRH:0
end_of_record
TN:
SF:src/components/chat/ChatArea.tsx
FN:12,(anonymous_0)
FN:20,(anonymous_1)
FN:24,(anonymous_2)
FN:25,(anonymous_3)
FN:32,(anonymous_4)
FN:38,(anonymous_5)
FN:61,(anonymous_6)
FN:78,(anonymous_7)
FNF:8
FNH:0
FNDA:0,(anonymous_0)
FNDA:0,(anonymous_1)
FNDA:0,(anonymous_2)
FNDA:0,(anonymous_3)
FNDA:0,(anonymous_4)
FNDA:0,(anonymous_5)
FNDA:0,(anonymous_6)
FNDA:0,(anonymous_7)
DA:2,0
DA:3,0
DA:4,0
DA:5,0
DA:6,0
DA:7,0
DA:8,0
DA:9,0
DA:12,0
DA:13,0
DA:14,0
DA:15,0
DA:16,0
DA:17,0
DA:18,0
DA:20,0
DA:21,0
DA:24,0
DA:25,0
DA:26,0
DA:27,0
DA:28,0
DA:32,0
DA:33,0
DA:34,0
DA:38,0
DA:39,0
DA:41,0
DA:42,0
DA:46,0
DA:53,0
DA:61,0
DA:62,0
DA:64,0
DA:78,0
DA:79,0
DA:98,0
DA:99,0
DA:104,0
DA:105,0
DA:112,0
LF:41
LH:0
BRDA:26,0,0,0
BRDA:26,0,1,0
BRDA:26,1,0,0
BRDA:26,1,1,0
BRDA:33,2,0,0
BRDA:33,2,1,0
BRDA:41,3,0,0
BRDA:41,3,1,0
BRDA:62,4,0,0
BRDA:62,4,1,0
BRDA:98,5,0,0
BRDA:98,5,1,0
BRDA:104,6,0,0
BRDA:104,6,1,0
BRDA:116,7,0,0
BRDA:116,7,1,0
BRDA:132,8,0,0
BRDA:132,8,1,0
BRF:18
BRH:0
end_of_record
TN:
SF:src/components/chat/ChatInput.tsx
FN:24,(anonymous_6)
FN:42,(anonymous_7)
FN:43,(anonymous_8)
FN:44,(anonymous_9)
FN:47,(anonymous_10)
FN:54,(anonymous_11)
FN:65,(anonymous_12)
FN:66,(anonymous_13)
FN:69,(anonymous_14)
FN:70,(anonymous_15)
FN:70,(anonymous_16)
FN:73,(anonymous_17)
FN:77,(anonymous_18)
FN:91,(anonymous_19)
FN:113,(anonymous_20)
FN:129,(anonymous_21)
FN:191,(anonymous_22)
FN:194,(anonymous_23)
FN:240,(anonymous_24)
FN:243,(anonymous_25)
FNF:20
FNH:0
FNDA:0,(anonymous_6)
FNDA:0,(anonymous_7)
FNDA:0,(anonymous_8)
FNDA:0,(anonymous_9)
FNDA:0,(anonymous_10)
FNDA:0,(anonymous_11)
FNDA:0,(anonymous_12)
FNDA:0,(anonymous_13)
FNDA:0,(anonymous_14)
FNDA:0,(anonymous_15)
FNDA:0,(anonymous_16)
FNDA:0,(anonymous_17)
FNDA:0,(anonymous_18)
FNDA:0,(anonymous_19)
FNDA:0,(anonymous_20)
FNDA:0,(anonymous_21)
FNDA:0,(anonymous_22)
FNDA:0,(anonymous_23)
FNDA:0,(anonymous_24)
FNDA:0,(anonymous_25)
DA:2,0
DA:3,0
DA:4,0
DA:5,0
DA:6,0
DA:7,0
DA:8,0
DA:9,0
DA:10,0
DA:11,0
DA:12,0
DA:13,0
DA:14,0
DA:15,0
DA:16,0
DA:17,0
DA:24,0
DA:25,0
DA:26,0
DA:27,0
DA:28,0
DA:29,0
DA:30,0
DA:31,0
DA:32,0
DA:33,0
DA:34,0
DA:36,0
DA:38,0
DA:41,0
DA:42,0
DA:44,0
DA:47,0
DA:48,0
DA:49,0
DA:50,0
DA:54,0
DA:55,0
DA:56,0
DA:57,0
DA:58,0
DA:59,0
DA:60,0
DA:65,0
DA:66,0
DA:69,0
DA:70,0
DA:73,0
DA:74,0
DA:77,0
DA:79,0
DA:80,0
DA:81,0
DA:88,0
DA:91,0
DA:92,0
DA:93,0
DA:94,0
DA:98,0
DA:113,0
DA:129,0
DA:192,0
DA:195,0
DA:196,0
DA:241,0
DA:242,0
DA:243,0
DA:251,0
LF:68
LH:0
BRDA:48,0,0,0
BRDA:48,0,1,0
BRDA:55,1,0,0
BRDA:55,1,1,0
BRDA:55,2,0,0
BRDA:55,2,1,0
BRDA:55,2,2,0
BRDA:56,3,0,0
BRDA:56,3,1,0
BRDA:59,4,0,0
BRDA:59,4,1,0
BRDA:92,5,0,0
BRDA:92,5,1,0
BRDA:92,6,0,0
BRDA:92,6,1,0
BRDA:99,7,0,0
BRDA:99,7,1,0
BRDA:109,8,0,0
BRDA:109,8,1,0
BRDA:115,9,0,0
BRDA:115,9,1,0
BRDA:116,10,0,0
BRDA:116,10,1,0
BRDA:156,11,0,0
BRDA:156,11,1,0
BRDA:177,12,0,0
BRDA:177,12,1,0
BRDA:200,13,0,0
BRDA:200,13,1,0
BRDA:215,14,0,0
BRDA:215,14,1,0
BRDA:226,15,0,0
BRDA:226,15,1,0
BRDA:226,15,2,0
BRDA:226,15,3,0
BRDA:241,16,0,0
BRDA:241,16,1,0
BRDA:242,17,0,0
BRDA:242,17,1,0
BRDA:249,18,0,0
BRDA:249,18,1,0
BRF:41
BRH:0
end_of_record
TN:
SF:src/components/chat/ChatMessage.tsx
FN:17,(anonymous_1)
FNF:1
FNH:0
FNDA:0,(anonymous_1)
DA:2,0
DA:4,0
DA:5,0
DA:6,0
DA:7,0
DA:8,0
DA:17,0
DA:22,0
DA:23,0
DA:24,0
DA:27,0
DA:28,0
DA:29,0
DA:31,0
DA:33,0
LF:15
LH:0
BRDA:27,0,0,0
BRDA:27,0,1,0
BRDA:28,1,0,0
BRDA:28,1,1,0
BRDA:29,2,0,0
BRDA:29,2,1,0
BRDA:37,3,0,0
BRDA:37,3,1,0
BRDA:45,4,0,0
BRDA:45,4,1,0
BRDA:50,5,0,0
BRDA:50,5,1,0
BRDA:61,6,0,0
BRDA:61,6,1,0
BRDA:63,7,0,0
BRDA:63,7,1,0
BRDA:63,7,2,0
BRDA:74,8,0,0
BRDA:74,8,1,0
BRDA:80,9,0,0
BRDA:80,9,1,0
BRDA:91,10,0,0
BRDA:91,10,1,0
BRDA:102,11,0,0
BRDA:102,11,1,0
BRDA:114,12,0,0
BRDA:114,12,1,0
BRDA:122,13,0,0
BRDA:122,13,1,0
BRDA:132,14,0,0
BRDA:132,14,1,0
BRDA:132,14,2,0
BRDA:133,15,0,0
BRDA:133,15,1,0
BRDA:134,16,0,0
BRDA:134,16,1,0
BRDA:140,17,0,0
BRDA:140,17,1,0
BRDA:150,18,0,0
BRDA:150,18,1,0
BRF:40
BRH:0
end_of_record
TN:
SF:src/components/chat/ChatNavigation.tsx
FN:14,(anonymous_1)
FNF:1
FNH:0
FNDA:0,(anonymous_1)
DA:2,0
DA:3,0
DA:4,0
DA:5,0
DA:14,0
DA:20,0
LF:6
LH:0
BRDA:17,0,0,0
BRDA:18,1,0,0
BRDA:22,2,0,0
BRDA:22,2,1,0
BRDA:38,3,0,0
BRDA:38,3,1,0
BRF:6
BRH:0
end_of_record
TN:
SF:src/components/chat/ChatSearch.tsx
FN:15,(anonymous_6)
FN:21,(anonymous_7)
FN:33,(anonymous_8)
FN:46,(anonymous_9)
FN:48,(anonymous_10)
FN:65,(anonymous_11)
FN:66,(anonymous_12)
FN:69,(anonymous_13)
FN:70,(anonymous_14)
FN:73,(anonymous_15)
FN:79,(anonymous_16)
FN:98,(anonymous_17)
FN:141,(anonymous_18)
FNF:13
FNH:0
FNDA:0,(anonymous_6)
FNDA:0,(anonymous_7)
FNDA:0,(anonymous_8)
FNDA:0,(anonymous_9)
FNDA:0,(anonymous_10)
FNDA:0,(anonymous_11)
FNDA:0,(anonymous_12)
FNDA:0,(anonymous_13)
FNDA:0,(anonymous_14)
FNDA:0,(anonymous_15)
FNDA:0,(anonymous_16)
FNDA:0,(anonymous_17)
FNDA:0,(anonymous_18)
DA:2,0
DA:3,0
DA:4,0
DA:5,0
DA:6,0
DA:7,0
DA:8,0
DA:15,0
DA:16,0
DA:17,0
DA:18,0
DA:19,0
DA:21,0
DA:22,0
DA:23,0
DA:24,0
DA:25,0
DA:28,0
DA:31,0
DA:32,0
DA:33,0
DA:34,0
DA:35,0
DA:46,0
DA:47,0
DA:48,0
DA:49,0
DA:50,0
DA:61,0
DA:62,0
DA:65,0
DA:66,0
DA:69,0
DA:70,0
DA:73,0
DA:74,0
DA:76,0
DA:77,0
DA:79,0
DA:80,0
DA:88,0
DA:90,0
DA:98,0
DA:142,0
LF:44
LH:0
BRDA:22,0,0,0
BRDA:22,0,1,0
BRDA:32,1,0,0
BRDA:32,1,1,0
BRDA:34,2,0,0
BRDA:34,2,1,0
BRDA:47,3,0,0
BRDA:47,3,1,0
BRDA:49,4,0,0
BRDA:49,4,1,0
BRDA:66,5,0,0
BRDA:66,5,1,0
BRDA:70,6,0,0
BRDA:70,6,1,0
BRDA:74,7,0,0
BRDA:74,7,1,0
BRDA:80,8,0,0
BRDA:80,8,1,0
BRDA:88,9,0,0
BRDA:88,9,1,0
BRDA:105,10,0,0
BRDA:105,10,1,0
BRDA:139,11,0,0
BRDA:139,11,1,0
BRDA:139,11,2,0
BRDA:146,12,0,0
BRDA:146,12,1,0
BRF:27
BRH:0
end_of_record
TN:
SF:src/components/chat/EmptyState.tsx
FN:12,(anonymous_1)
FN:14,(anonymous_2)
FN:83,(anonymous_3)
FN:126,(anonymous_4)
FN:129,(anonymous_5)
FNF:5
FNH:0
FNDA:0,(anonymous_1)
FNDA:0,(anonymous_2)
FNDA:0,(anonymous_3)
FNDA:0,(anonymous_4)
FNDA:0,(anonymous_5)
DA:2,0
DA:3,0
DA:4,0
DA:12,0
DA:14,0
DA:15,0
DA:17,0
DA:74,0
DA:77,0
DA:79,0
DA:84,0
DA:127,0
DA:129,0
LF:13
LH:0
BRDA:15,0,0,0
BRDA:15,0,1,0
BRDA:74,1,0,0
BRDA:74,1,1,0
BRDA:105,2,0,0
BRDA:105,2,1,0
BRDA:112,3,0,0
BRDA:112,3,1,0
BRDA:115,4,0,0
BRDA:115,4,1,0
BRF:10
BRH:0
end_of_record
TN:
SF:src/components/chat/ExportOptions.tsx
FN:18,(anonymous_6)
FN:30,(anonymous_7)
FN:48,(anonymous_8)
FN:56,(anonymous_9)
FN:71,(anonymous_10)
FN:97,(anonymous_11)
FN:117,(anonymous_12)
FN:121,(anonymous_13)
FN:168,(anonymous_14)
FN:185,(anonymous_15)
FN:261,(anonymous_16)
FN:268,(anonymous_17)
FNF:12
FNH:0
FNDA:0,(anonymous_6)
FNDA:0,(anonymous_7)
FNDA:0,(anonymous_8)
FNDA:0,(anonymous_9)
FNDA:0,(anonymous_10)
FNDA:0,(anonymous_11)
FNDA:0,(anonymous_12)
FNDA:0,(anonymous_13)
FNDA:0,(anonymous_14)
FNDA:0,(anonymous_15)
FNDA:0,(anonymous_16)
FNDA:0,(anonymous_17)
DA:2,0
DA:3,0
DA:4,0
DA:11,0
DA:12,0
DA:13,0
DA:14,0
DA:15,0
DA:16,0
DA:18,0
DA:19,0
DA:20,0
DA:21,0
DA:22,0
DA:23,0
DA:25,0
DA:26,0
DA:27,0
DA:30,0
DA:31,0
DA:33,0
DA:45,0
DA:48,0
DA:49,0
DA:51,0
DA:52,0
DA:53,0
DA:54,0
DA:56,0
DA:57,0
DA:58,0
DA:60,0
DA:61,0
DA:63,0
DA:64,0
DA:68,0
DA:71,0
DA:72,0
DA:74,0
DA:97,0
DA:98,0
DA:99,0
DA:100,0
DA:102,0
DA:110,0
DA:114,0
DA:117,0
DA:118,0
DA:121,0
DA:123,0
DA:124,0
DA:125,0
DA:126,0
DA:127,0
DA:128,0
DA:129,0
DA:130,0
DA:131,0
DA:132,0
DA:133,0
DA:134,0
DA:136,0
DA:141,0
DA:142,0
DA:143,0
DA:144,0
DA:145,0
DA:146,0
DA:147,0
DA:148,0
DA:149,0
DA:150,0
DA:152,0
DA:158,0
DA:164,0
DA:165,0
DA:168,0
DA:169,0
DA:170,0
DA:171,0
DA:172,0
DA:177,0
DA:182,0
DA:185,0
DA:186,0
DA:187,0
DA:188,0
DA:189,0
DA:194,0
DA:195,0
DA:198,0
DA:200,0
DA:203,0
DA:204,0
DA:207,0
DA:261,0
DA:268,0
LF:97
LH:0
BRDA:27,0,0,0
BRDA:27,0,1,0
BRDA:31,1,0,0
BRDA:31,1,1,0
BRDA:45,2,0,0
BRDA:45,2,1,0
BRDA:49,3,0,0
BRDA:49,3,1,0
BRDA:57,4,0,0
BRDA:57,4,1,0
BRDA:58,5,0,0
BRDA:58,5,1,0
BRDA:58,6,0,0
BRDA:58,6,1,0
BRDA:63,7,0,0
BRDA:63,7,1,0
BRDA:72,8,0,0
BRDA:72,8,1,0
BRDA:98,9,0,0
BRDA:98,9,1,0
BRDA:99,10,0,0
BRDA:99,10,1,0
BRDA:99,11,0,0
BRDA:99,11,1,0
BRDA:100,12,0,0
BRDA:100,12,1,0
BRDA:124,13,0,0
BRDA:124,13,1,0
BRDA:187,14,0,0
BRDA:187,14,1,0
BRDA:203,15,0,0
BRDA:203,15,1,0
BRDA:203,16,0,0
BRDA:203,16,1,0
BRDA:218,17,0,0
BRDA:218,17,1,0
BRDA:230,18,0,0
BRDA:230,18,1,0
BRDA:239,19,0,0
BRDA:239,19,1,0
BRF:40
BRH:0
end_of_record
TN:
SF:src/components/chat/FileAttachment.tsx
FN:28,(anonymous_6)
FN:39,(anonymous_7)
FN:42,(anonymous_8)
FN:46,(anonymous_9)
FN:50,(anonymous_10)
FN:51,(anonymous_11)
FN:52,(anonymous_12)
FN:57,(anonymous_13)
FN:58,(anonymous_14)
FN:76,(anonymous_15)
FN:77,(anonymous_16)
FN:97,(anonymous_17)
FN:108,(anonymous_18)
FN:109,(anonymous_19)
FN:116,(anonymous_20)
FN:120,(anonymous_21)
FN:165,(anonymous_22)
FN:191,(anonymous_23)
FN:222,(anonymous_24)
FN:239,(anonymous_25)
FNF:20
FNH:0
FNDA:0,(anonymous_6)
FNDA:0,(anonymous_7)
FNDA:0,(anonymous_8)
FNDA:0,(anonymous_9)
FNDA:0,(anonymous_10)
FNDA:0,(anonymous_11)
FNDA:0,(anonymous_12)
FNDA:0,(anonymous_13)
FNDA:0,(anonymous_14)
FNDA:0,(anonymous_15)
FNDA:0,(anonymous_16)
FNDA:0,(anonymous_17)
FNDA:0,(anonymous_18)
FNDA:0,(anonymous_19)
FNDA:0,(anonymous_20)
FNDA:0,(anonymous_21)
FNDA:0,(anonymous_22)
FNDA:0,(anonymous_23)
FNDA:0,(anonymous_24)
FNDA:0,(anonymous_25)
DA:1,0
DA:2,0
DA:3,0
DA:4,0
DA:5,0
DA:7,0
DA:20,0
DA:21,0
DA:28,0
DA:34,0
DA:35,0
DA:36,0
DA:37,0
DA:38,0
DA:39,0
DA:40,0
DA:42,0
DA:43,0
DA:46,0
DA:49,0
DA:50,0
DA:51,0
DA:52,0
DA:57,0
DA:58,0
DA:61,0
DA:62,0
DA:63,0
DA:64,0
DA:66,0
DA:70,0
DA:71,0
DA:72,0
DA:73,0
DA:76,0
DA:77,0
DA:80,0
DA:90,0
DA:91,0
DA:92,0
DA:94,0
DA:97,0
DA:98,0
DA:99,0
DA:106,0
DA:108,0
DA:109,0
DA:116,0
DA:117,0
DA:118,0
DA:120,0
DA:121,0
DA:122,0
DA:123,0
DA:124,0
DA:125,0
DA:127,0
DA:166,0
DA:192,0
DA:222,0
DA:240,0
DA:241,0
DA:242,0
LF:63
LH:0
BRDA:52,0,0,0
BRDA:52,0,1,0
BRDA:58,1,0,0
BRDA:58,1,1,0
BRDA:62,2,0,0
BRDA:62,2,1,0
BRDA:62,3,0,0
BRDA:62,3,1,0
BRDA:72,4,0,0
BRDA:72,4,1,0
BRDA:77,5,0,0
BRDA:77,5,1,0
BRDA:113,6,0,0
BRDA:113,6,1,0
BRDA:117,7,0,0
BRDA:117,7,1,0
BRDA:121,8,0,0
BRDA:121,8,1,0
BRDA:133,9,0,0
BRDA:133,9,1,0
BRDA:145,10,0,0
BRDA:145,10,1,0
BRDA:155,11,0,0
BRDA:155,11,1,0
BRDA:163,12,0,0
BRDA:163,12,1,0
BRDA:169,13,0,0
BRDA:169,13,1,0
BRDA:170,14,0,0
BRDA:170,14,1,0
BRDA:171,15,0,0
BRDA:171,15,1,0
BRDA:189,16,0,0
BRDA:189,16,1,0
BRDA:199,17,0,0
BRDA:199,17,1,0
BRDA:240,18,0,0
BRDA:240,18,1,0
BRDA:241,19,0,0
BRDA:241,19,1,0
BRDA:248,20,0,0
BRDA:248,20,1,0
BRF:42
BRH:0
end_of_record
TN:
SF:src/components/chat/InputActions.tsx
FN:20,(anonymous_6)
FNF:1
FNH:0
FNDA:0,(anonymous_6)
DA:2,0
DA:3,0
DA:4,0
DA:5,0
DA:6,0
DA:7,0
DA:8,0
DA:9,0
DA:20,0
DA:28,0
DA:29,0
DA:30,0
DA:32,0
DA:33,0
DA:35,0
LF:15
LH:0
BRDA:32,0,0,0
BRDA:32,0,1,0
BRDA:33,1,0,0
BRDA:33,1,1,0
BRDA:36,2,0,0
BRDA:36,2,1,0
BRDA:42,3,0,0
BRDA:42,3,1,0
BRDA:55,4,0,0
BRDA:55,4,1,0
BRDA:58,5,0,0
BRDA:58,5,1,0
BRDA:76,6,0,0
BRDA:76,6,1,0
BRDA:79,7,0,0
BRDA:79,7,1,0
BRDA:87,8,0,0
BRDA:87,8,1,0
BRDA:87,8,2,0
BRDA:91,9,0,0
BRDA:91,9,1,0
BRF:21
BRH:0
end_of_record
TN:
SF:src/components/chat/InputField.tsx
FN:18,(anonymous_1)
FN:34,(anonymous_2)
FN:36,(anonymous_3)
FN:37,(anonymous_4)
FNF:4
FNH:0
FNDA:0,(anonymous_1)
FNDA:0,(anonymous_2)
FNDA:0,(anonymous_3)
FNDA:0,(anonymous_4)
DA:2,0
DA:3,0
DA:4,0
DA:5,0
DA:18,0
DA:27,0
DA:29,0
DA:34,0
DA:36,0
DA:37,0
LF:10
LH:0
BRDA:38,0,0,0
BRDA:38,0,1,0
BRDA:39,1,0,0
BRDA:39,1,1,0
BRDA:42,2,0,0
BRDA:42,2,1,0
BRDA:48,3,0,0
BRDA:48,3,1,0
BRF:8
BRH:0
end_of_record
TN:
SF:src/components/chat/MarkdownRenderer.tsx
FN:14,(anonymous_1)
FN:20,(anonymous_2)
FN:48,(anonymous_3)
FN:49,(anonymous_4)
FN:54,(anonymous_5)
FN:61,(anonymous_6)
FN:66,(anonymous_7)
FNF:7
FNH:0
FNDA:0,(anonymous_1)
FNDA:0,(anonymous_2)
FNDA:0,(anonymous_3)
FNDA:0,(anonymous_4)
FNDA:0,(anonymous_5)
FNDA:0,(anonymous_6)
FNDA:0,(anonymous_7)
DA:2,0
DA:3,0
DA:4,0
DA:5,0
DA:6,0
DA:7,0
DA:14,0
DA:15,0
DA:21,0
DA:22,0
DA:23,0
DA:25,0
DA:48,0
DA:50,0
DA:55,0
DA:62,0
DA:67,0
LF:17
LH:0
BRDA:21,0,0,0
BRDA:21,0,1,0
BRDA:22,1,0,0
BRDA:22,1,1,0
BRDA:25,2,0,0
BRDA:25,2,1,0
BRF:6
BRH:0
end_of_record
TN:
SF:src/components/chat/MessageActions.tsx
FN:27,(anonymous_6)
FN:35,(anonymous_7)
FN:51,(anonymous_8)
FN:67,(anonymous_9)
FN:80,(anonymous_10)
FN:85,(anonymous_11)
FNF:6
FNH:0
FNDA:0,(anonymous_6)
FNDA:0,(anonymous_7)
FNDA:0,(anonymous_8)
FNDA:0,(anonymous_9)
FNDA:0,(anonymous_10)
FNDA:0,(anonymous_11)
DA:2,0
DA:3,0
DA:4,0
DA:10,0
DA:11,0
DA:27,0
DA:32,0
DA:33,0
DA:35,0
DA:36,0
DA:37,0
DA:38,0
DA:43,0
DA:48,0
DA:51,0
DA:52,0
DA:53,0
DA:54,0
DA:59,0
DA:62,0
DA:64,0
DA:67,0
DA:68,0
DA:69,0
DA:70,0
DA:71,0
DA:72,0
DA:73,0
DA:74,0
DA:75,0
DA:76,0
DA:77,0
DA:80,0
DA:81,0
DA:82,0
DA:85,0
DA:86,0
DA:87,0
DA:90,0
LF:39
LH:0
BRDA:52,0,0,0
BRDA:52,0,1,0
BRDA:114,1,0,0
BRDA:114,1,1,0
BRDA:114,1,2,0
BRDA:120,2,0,0
BRDA:120,2,1,0
BRF:7
BRH:0
end_of_record
TN:
SF:src/components/chat/MessageList.tsx
FN:13,(anonymous_6)
FN:23,(anonymous_7)
FN:27,(anonymous_8)
FN:31,(anonymous_9)
FN:42,(anonymous_10)
FN:46,(anonymous_11)
FN:52,(anonymous_12)
FN:66,(anonymous_13)
FNF:8
FNH:0
FNDA:0,(anonymous_6)
FNDA:0,(anonymous_7)
FNDA:0,(anonymous_8)
FNDA:0,(anonymous_9)
FNDA:0,(anonymous_10)
FNDA:0,(anonymous_11)
FNDA:0,(anonymous_12)
FNDA:0,(anonymous_13)
DA:2,0
DA:3,0
DA:4,0
DA:13,0
DA:18,0
DA:19,0
DA:20,0
DA:21,0
DA:23,0
DA:24,0
DA:27,0
DA:28,0
DA:31,0
DA:32,0
DA:34,0
DA:35,0
DA:36,0
DA:38,0
DA:39,0
DA:42,0
DA:43,0
DA:46,0
DA:47,0
DA:48,0
DA:49,0
DA:50,0
DA:52,0
DA:56,0
DA:67,0
LF:29
LH:0
BRDA:32,0,0,0
BRDA:32,0,1,0
BRDA:39,1,0,0
BRDA:39,1,1,0
BRDA:48,2,0,0
BRDA:48,2,1,0
BRDA:80,3,0,0
BRDA:80,3,1,0
BRF:8
BRH:0
end_of_record
TN:
SF:src/components/chat/PersonalizedChatInterface.tsx
FN:61,(anonymous_6)
FN:95,(anonymous_7)
FN:100,(anonymous_8)
FN:106,(anonymous_9)
FN:166,(anonymous_10)
FN:176,(anonymous_11)
FN:188,(anonymous_12)
FN:209,(anonymous_13)
FN:223,(anonymous_14)
FN:229,(anonymous_15)
FN:236,(anonymous_16)
FN:246,(anonymous_17)
FN:246,(anonymous_18)
FN:256,(anonymous_19)
FN:276,(anonymous_20)
FN:317,(anonymous_21)
FN:356,(anonymous_22)
FN:371,(anonymous_23)
FN:429,(anonymous_24)
FN:442,(anonymous_25)
FN:461,(anonymous_26)
FN:469,(anonymous_27)
FN:509,(anonymous_28)
FN:537,(anonymous_29)
FN:558,extractPhysiologicalFactors
FN:576,extractAdaptations
FNF:26
FNH:0
FNDA:0,(anonymous_6)
FNDA:0,(anonymous_7)
FNDA:0,(anonymous_8)
FNDA:0,(anonymous_9)
FNDA:0,(anonymous_10)
FNDA:0,(anonymous_11)
FNDA:0,(anonymous_12)
FNDA:0,(anonymous_13)
FNDA:0,(anonymous_14)
FNDA:0,(anonymous_15)
FNDA:0,(anonymous_16)
FNDA:0,(anonymous_17)
FNDA:0,(anonymous_18)
FNDA:0,(anonymous_19)
FNDA:0,(anonymous_20)
FNDA:0,(anonymous_21)
FNDA:0,(anonymous_22)
FNDA:0,(anonymous_23)
FNDA:0,(anonymous_24)
FNDA:0,(anonymous_25)
FNDA:0,(anonymous_26)
FNDA:0,(anonymous_27)
FNDA:0,(anonymous_28)
FNDA:0,(anonymous_29)
FNDA:0,extractPhysiologicalFactors
FNDA:0,extractAdaptations
DA:7,0
DA:8,0
DA:9,0
DA:10,0
DA:11,0
DA:12,0
DA:13,0
DA:14,0
DA:15,0
DA:16,0
DA:17,0
DA:61,0
DA:69,0
DA:70,0
DA:71,0
DA:72,0
DA:74,0
DA:75,0
DA:86,0
DA:92,0
DA:95,0
DA:96,0
DA:100,0
DA:101,0
DA:102,0
DA:106,0
DA:107,0
DA:109,0
DA:112,0
DA:115,0
DA:132,0
DA:133,0
DA:142,0
DA:143,0
DA:151,0
DA:153,0
DA:156,0
DA:166,0
DA:167,0
DA:169,0
DA:176,0
DA:177,0
DA:178,0
DA:180,0
DA:182,0
DA:188,0
DA:194,0
DA:195,0
DA:209,0
DA:212,0
DA:215,0
DA:223,0
DA:225,0
DA:229,0
DA:230,0
DA:231,0
DA:232,0
DA:236,0
DA:237,0
DA:238,0
DA:246,0
DA:247,0
DA:252,0
DA:256,0
DA:257,0
DA:259,0
DA:261,0
DA:262,0
DA:265,0
DA:266,0
DA:269,0
DA:270,0
DA:273,0
DA:276,0
DA:277,0
DA:278,0
DA:279,0
DA:280,0
DA:283,0
DA:317,0
DA:357,0
DA:372,0
DA:430,0
DA:443,0
DA:461,0
DA:469,0
DA:510,0
DA:537,0
DA:559,0
DA:561,0
DA:562,0
DA:565,0
DA:566,0
DA:569,0
DA:570,0
DA:573,0
DA:577,0
DA:579,0
DA:580,0
DA:583,0
DA:584,0
DA:587,0
DA:588,0
DA:591,0
DA:592,0
DA:595,0
LF:106
LH:0
BRDA:101,0,0,0
BRDA:101,0,1,0
BRDA:124,1,0,0
BRDA:124,1,1,0
BRDA:132,2,0,0
BRDA:132,2,1,0
BRDA:142,3,0,0
BRDA:142,3,1,0
BRDA:167,4,0,0
BRDA:167,4,1,0
BRDA:194,5,0,0
BRDA:194,5,1,0
BRDA:230,6,0,0
BRDA:230,6,1,0
BRDA:230,7,0,0
BRDA:230,7,1,0
BRDA:240,8,0,0
BRDA:240,8,1,0
BRDA:242,9,0,0
BRDA:242,9,1,0
BRDA:247,10,0,0
BRDA:247,10,1,0
BRDA:257,11,0,0
BRDA:257,11,1,0
BRDA:261,12,0,0
BRDA:261,12,1,0
BRDA:265,13,0,0
BRDA:265,13,1,0
BRDA:269,14,0,0
BRDA:269,14,1,0
BRDA:277,15,0,0
BRDA:277,15,1,0
BRDA:278,16,0,0
BRDA:278,16,1,0
BRDA:279,17,0,0
BRDA:279,17,1,0
BRDA:296,18,0,0
BRDA:296,18,1,0
BRDA:304,19,0,0
BRDA:304,19,1,0
BRDA:321,20,0,0
BRDA:321,20,1,0
BRDA:330,21,0,0
BRDA:330,21,1,0
BRDA:345,22,0,0
BRDA:345,22,1,0
BRDA:352,23,0,0
BRDA:352,23,1,0
BRDA:379,24,0,0
BRDA:379,24,1,0
BRDA:385,25,0,0
BRDA:385,25,1,0
BRDA:387,26,0,0
BRDA:387,26,1,0
BRDA:394,27,0,0
BRDA:394,27,1,0
BRDA:396,28,0,0
BRDA:396,28,1,0
BRDA:410,29,0,0
BRDA:410,29,1,0
BRDA:425,30,0,0
BRDA:425,30,1,0
BRDA:438,31,0,0
BRDA:438,31,1,0
BRDA:455,32,0,0
BRDA:455,32,1,0
BRDA:455,32,2,0
BRDA:455,32,3,0
BRDA:478,33,0,0
BRDA:478,33,1,0
BRDA:481,34,0,0
BRDA:481,34,1,0
BRDA:498,35,0,0
BRDA:498,35,1,0
BRDA:545,36,0,0
BRDA:545,36,1,0
BRDA:561,37,0,0
BRDA:561,37,1,0
BRDA:565,38,0,0
BRDA:565,38,1,0
BRDA:569,39,0,0
BRDA:569,39,1,0
BRDA:579,40,0,0
BRDA:579,40,1,0
BRDA:583,41,0,0
BRDA:583,41,1,0
BRDA:587,42,0,0
BRDA:587,42,1,0
BRDA:591,43,0,0
BRDA:591,43,1,0
BRF:90
BRH:0
end_of_record
TN:
SF:src/components/chat/QuickActionButton.tsx
FN:14,(anonymous_1)
FN:27,(anonymous_2)
FNF:2
FNH:0
FNDA:0,(anonymous_1)
FNDA:0,(anonymous_2)
DA:2,0
DA:3,0
DA:4,0
DA:5,0
DA:14,0
DA:19,0
DA:20,0
DA:22,0
DA:27,0
LF:9
LH:0
BRDA:36,0,0,0
BRDA:36,0,1,0
BRDA:41,1,0,0
BRDA:41,1,1,0
BRF:4
BRH:0
end_of_record
TN:
SF:src/components/chat/QuickActionsButton.tsx
FN:14,(anonymous_6)
FN:23,(anonymous_7)
FN:76,(anonymous_8)
FNF:3
FNH:0
FNDA:0,(anonymous_6)
FNDA:0,(anonymous_7)
FNDA:0,(anonymous_8)
DA:2,0
DA:3,0
DA:4,0
DA:5,0
DA:6,0
DA:7,0
DA:8,0
DA:9,0
DA:10,0
DA:11,0
DA:12,0
DA:14,0
DA:15,0
DA:16,0
DA:17,0
DA:18,0
DA:20,0
DA:21,0
DA:23,0
DA:24,0
DA:25,0
DA:26,0
DA:28,0
DA:33,0
DA:36,0
DA:38,0
DA:77,0
LF:27
LH:0
BRDA:21,0,0,0
BRDA:21,0,1,0
BRDA:21,1,0,0
BRDA:21,1,1,0
BRDA:25,2,0,0
BRDA:25,2,1,0
BRDA:36,3,0,0
BRDA:36,3,1,0
BRDA:43,4,0,0
BRDA:43,4,1,0
BRDA:47,5,0,0
BRDA:47,5,1,0
BRDA:60,6,0,0
BRDA:60,6,1,0
BRDA:63,7,0,0
BRDA:63,7,1,0
BRDA:75,8,0,0
BRDA:75,8,1,0
BRDA:76,9,0,0
BRDA:76,9,1,0
BRDA:86,10,0,0
BRDA:86,10,1,0
BRDA:86,11,0,0
BRDA:86,11,1,0
BRDA:89,12,0,0
BRDA:89,12,1,0
BRF:26
BRH:0
end_of_record
TN:
SF:src/components/chat/QuickMessages.tsx
FN:14,(anonymous_6)
FN:19,(anonymous_7)
FN:84,(anonymous_8)
FN:104,(anonymous_9)
FN:109,(anonymous_10)
FNF:5
FNH:0
FNDA:0,(anonymous_6)
FNDA:0,(anonymous_7)
FNDA:0,(anonymous_8)
FNDA:0,(anonymous_9)
FNDA:0,(anonymous_10)
DA:2,0
DA:3,0
DA:4,0
DA:5,0
DA:6,0
DA:7,0
DA:8,0
DA:14,0
DA:15,0
DA:16,0
DA:17,0
DA:19,0
DA:20,0
DA:22,0
DA:29,0
DA:64,0
DA:65,0
DA:68,0
DA:70,0
DA:84,0
DA:105,0
DA:109,0
LF:22
LH:0
BRDA:20,0,0,0
BRDA:20,0,1,0
BRDA:64,1,0,0
BRDA:64,1,1,0
BRDA:87,2,0,0
BRDA:87,2,1,0
BRDA:97,3,0,0
BRDA:97,3,1,0
BRDA:102,4,0,0
BRDA:102,4,1,0
BRDA:104,5,0,0
BRDA:104,5,1,0
BRDA:112,6,0,0
BRDA:112,6,1,0
BRDA:120,7,0,0
BRDA:120,7,1,0
BRF:16
BRH:0
end_of_record
TN:
SF:src/components/chat/StreamingMessage.tsx
FN:14,(anonymous_6)
FN:30,(anonymous_7)
FN:36,(anonymous_8)
FNF:3
FNH:0
FNDA:0,(anonymous_6)
FNDA:0,(anonymous_7)
FNDA:0,(anonymous_8)
DA:2,0
DA:3,0
DA:4,0
DA:5,0
DA:14,0
DA:20,0
DA:27,0
DA:31,0
DA:32,0
DA:36,0
DA:37,0
DA:38,0
DA:39,0
DA:43,0
DA:44,0
DA:51,0
LF:16
LH:0
BRDA:16,0,0,0
BRDA:37,1,0,0
BRDA:37,1,1,0
BRDA:37,2,0,0
BRDA:37,2,1,0
BRDA:43,3,0,0
BRDA:43,3,1,0
BRDA:43,4,0,0
BRDA:43,4,1,0
BRDA:55,5,0,0
BRDA:55,5,1,0
BRF:11
BRH:0
end_of_record
TN:
SF:src/components/chat/VoiceRecorder.tsx
FN:11,(anonymous_6)
FN:22,(anonymous_7)
FN:31,(anonymous_8)
FN:37,(anonymous_9)
FN:48,(anonymous_10)
FN:49,(anonymous_11)
FN:57,(anonymous_12)
FN:63,(anonymous_13)
FN:65,(anonymous_14)
FN:79,(anonymous_15)
FNF:10
FNH:0
FNDA:0,(anonymous_6)
FNDA:0,(anonymous_7)
FNDA:0,(anonymous_8)
FNDA:0,(anonymous_9)
FNDA:0,(anonymous_10)
FNDA:0,(anonymous_11)
FNDA:0,(anonymous_12)
FNDA:0,(anonymous_13)
FNDA:0,(anonymous_14)
FNDA:0,(anonymous_15)
DA:1,0
DA:2,0
DA:3,0
DA:4,0
DA:11,0
DA:15,0
DA:16,0
DA:17,0
DA:18,0
DA:19,0
DA:20,0
DA:22,0
DA:23,0
DA:24,0
DA:25,0
DA:27,0
DA:28,0
DA:29,0
DA:31,0
DA:32,0
DA:33,0
DA:37,0
DA:38,0
DA:39,0
DA:40,0
DA:43,0
DA:44,0
DA:45,0
DA:48,0
DA:49,0
DA:53,0
DA:57,0
DA:58,0
DA:59,0
DA:63,0
DA:64,0
DA:65,0
DA:66,0
DA:69,0
DA:70,0
DA:71,0
DA:74,0
DA:75,0
DA:76,0
DA:79,0
DA:80,0
DA:81,0
DA:82,0
DA:85,0
LF:49
LH:0
BRDA:32,0,0,0
BRDA:32,0,1,0
BRDA:58,1,0,0
BRDA:58,1,1,0
BRDA:58,2,0,0
BRDA:58,2,1,0
BRDA:64,3,0,0
BRDA:64,3,1,0
BRDA:69,4,0,0
BRDA:69,4,1,0
BRDA:90,5,0,0
BRDA:90,5,1,0
BRDA:94,6,0,0
BRDA:94,6,1,0
BRDA:98,7,0,0
BRDA:98,7,1,0
BRDA:101,8,0,0
BRDA:101,8,1,0
BRDA:108,9,0,0
BRDA:108,9,1,0
BRF:20
BRH:0
end_of_record
TN:
SF:src/components/chat/WelcomeState.tsx
FN:20,(anonymous_1)
FN:27,(anonymous_2)
FN:31,(anonymous_3)
FN:75,(anonymous_4)
FN:79,(anonymous_5)
FNF:5
FNH:0
FNDA:0,(anonymous_1)
FNDA:0,(anonymous_2)
FNDA:0,(anonymous_3)
FNDA:0,(anonymous_4)
FNDA:0,(anonymous_5)
DA:2,0
DA:3,0
DA:4,0
DA:6,0
DA:20,0
DA:21,0
DA:22,0
DA:23,0
DA:24,0
DA:27,0
DA:28,0
DA:29,0
DA:31,0
DA:32,0
DA:33,0
DA:36,0
DA:37,0
DA:51,0
DA:53,0
DA:76,0
DA:80,0
DA:81,0
DA:82,0
DA:83,0
LF:24
LH:0
BRDA:22,0,0,0
BRDA:22,0,1,0
BRDA:23,1,0,0
BRDA:23,1,1,0
BRDA:32,2,0,0
BRDA:32,2,1,0
BRDA:36,3,0,0
BRDA:36,3,1,0
BRDA:60,4,0,0
BRDA:60,4,1,0
BRDA:73,5,0,0
BRDA:73,5,1,0
BRDA:73,5,2,0
BRDA:81,6,0,0
BRDA:81,6,1,0
BRF:15
BRH:0
end_of_record
TN:
SF:src/components/dashboard/AgentInsights.tsx
FN:8,(anonymous_1)
FN:54,(anonymous_2)
FN:61,(anonymous_3)
FN:90,(anonymous_4)
FNF:4
FNH:0
FNDA:0,(anonymous_1)
FNDA:0,(anonymous_2)
FNDA:0,(anonymous_3)
FNDA:0,(anonymous_4)
DA:1,0
DA:2,0
DA:3,0
DA:4,0
DA:5,0
DA:6,0
DA:8,0
DA:11,0
DA:54,0
DA:55,0
DA:56,0
DA:57,0
DA:58,0
DA:61,0
DA:62,0
DA:63,0
DA:64,0
DA:65,0
DA:66,0
DA:70,0
DA:91,0
DA:93,0
LF:22
LH:0
BRDA:55,0,0,0
BRDA:55,0,1,0
BRDA:56,1,0,0
BRDA:56,1,1,0
BRDA:57,2,0,0
BRDA:57,2,1,0
BRDA:62,3,0,0
BRDA:62,3,1,0
BRDA:62,3,2,0
BRDA:62,3,3,0
BRDA:113,4,0,0
BRDA:113,4,1,0
BRF:12
BRH:0
end_of_record
TN:
SF:src/components/dashboard/ProfileSection.tsx
FN:11,(anonymous_1)
FN:15,(anonymous_2)
FNF:2
FNH:0
FNDA:0,(anonymous_1)
FNDA:0,(anonymous_2)
DA:1,0
DA:3,0
DA:4,0
DA:5,0
DA:6,0
DA:7,0
DA:11,0
DA:14,0
DA:15,0
DA:16,0
DA:18,0
DA:20,0
DA:22,0
DA:25,0
LF:14
LH:0
BRDA:14,0,0,0
BRDA:14,0,1,0
BRDA:16,1,0,0
BRDA:16,1,1,0
BRDA:16,1,2,0
BRF:5
BRH:0
end_of_record
TN:
SF:src/components/dashboard/QuickActions.tsx
FN:10,(anonymous_1)
FN:13,(anonymous_2)
FN:43,(anonymous_3)
FN:48,(anonymous_4)
FN:58,(anonymous_5)
FNF:5
FNH:0
FNDA:0,(anonymous_1)
FNDA:0,(anonymous_2)
FNDA:0,(anonymous_3)
FNDA:0,(anonymous_4)
FNDA:0,(anonymous_5)
DA:2,0
DA:3,0
DA:4,0
DA:5,0
DA:6,0
DA:7,0
DA:8,0
DA:10,0
DA:11,0
DA:13,0
DA:14,0
DA:17,0
DA:43,0
DA:48,0
DA:52,0
DA:59,0
DA:61,0
DA:76,0
LF:18
LH:0
BRDA:63,0,0,0
BRDA:63,0,1,0
BRDA:65,1,0,0
BRDA:65,1,1,0
BRDA:76,2,0,0
BRDA:76,2,1,0
BRF:6
BRH:0
end_of_record
TN:
SF:src/components/dashboard/RecentActivity.tsx
FN:13,(anonymous_1)
FN:33,(anonymous_2)
FNF:2
FNH:0
FNDA:0,(anonymous_1)
FNDA:0,(anonymous_2)
DA:2,0
DA:4,0
DA:5,0
DA:6,0
DA:7,0
DA:13,0
DA:14,0
DA:34,0
LF:8
LH:0
BRDA:25,0,0,0
BRDA:25,0,1,0
BRF:2
BRH:0
end_of_record
TN:
SF:src/components/dashboard/StatsCards.tsx
FN:16,(anonymous_1)
FN:50,(anonymous_2)
FNF:2
FNH:0
FNDA:0,(anonymous_1)
FNDA:0,(anonymous_2)
DA:2,0
DA:3,0
DA:4,0
DA:5,0
DA:16,0
DA:17,0
DA:18,0
DA:20,0
DA:48,0
DA:51,0
DA:52,0
LF:11
LH:0
BRDA:18,0,0,0
BRDA:18,0,1,0
BRDA:58,1,0,0
BRDA:58,1,1,0
BRDA:62,2,0,0
BRDA:62,2,1,0
BRDA:63,3,0,0
BRDA:63,3,1,0
BRDA:65,4,0,0
BRDA:65,4,1,0
BRDA:73,5,0,0
BRDA:73,5,1,0
BRDA:73,5,2,0
BRF:13
BRH:0
end_of_record
TN:
SF:src/components/feedback/LearningFeedbackSystem.tsx
FN:60,(anonymous_6)
FN:86,(anonymous_7)
FN:93,(anonymous_8)
FN:98,(anonymous_9)
FN:100,(anonymous_10)
FN:103,(anonymous_11)
FN:103,(anonymous_12)
FN:108,(anonymous_13)
FN:114,(anonymous_14)
FN:120,(anonymous_15)
FN:142,(anonymous_16)
FN:143,(anonymous_17)
FN:160,(anonymous_18)
FN:161,(anonymous_19)
FN:162,(anonymous_20)
FN:167,(anonymous_21)
FN:170,(anonymous_22)
FN:178,(anonymous_23)
FN:181,(anonymous_24)
FN:194,(anonymous_25)
FN:216,(anonymous_26)
FN:240,(anonymous_27)
FN:245,(anonymous_28)
FN:251,(anonymous_29)
FN:258,(anonymous_30)
FN:329,(anonymous_31)
FN:396,(anonymous_32)
FN:401,(anonymous_33)
FN:419,(anonymous_34)
FN:428,(anonymous_35)
FN:442,(anonymous_36)
FN:464,(anonymous_37)
FN:465,(anonymous_38)
FN:489,(anonymous_39)
FN:490,(anonymous_40)
FN:499,(anonymous_41)
FN:500,(anonymous_42)
FN:508,(anonymous_43)
FN:509,(anonymous_44)
FN:524,(anonymous_45)
FN:525,(anonymous_46)
FN:535,(anonymous_47)
FN:574,(anonymous_48)
FNF:43
FNH:0
FNDA:0,(anonymous_6)
FNDA:0,(anonymous_7)
FNDA:0,(anonymous_8)
FNDA:0,(anonymous_9)
FNDA:0,(anonymous_10)
FNDA:0,(anonymous_11)
FNDA:0,(anonymous_12)
FNDA:0,(anonymous_13)
FNDA:0,(anonymous_14)
FNDA:0,(anonymous_15)
FNDA:0,(anonymous_16)
FNDA:0,(anonymous_17)
FNDA:0,(anonymous_18)
FNDA:0,(anonymous_19)
FNDA:0,(anonymous_20)
FNDA:0,(anonymous_21)
FNDA:0,(anonymous_22)
FNDA:0,(anonymous_23)
FNDA:0,(anonymous_24)
FNDA:0,(anonymous_25)
FNDA:0,(anonymous_26)
FNDA:0,(anonymous_27)
FNDA:0,(anonymous_28)
FNDA:0,(anonymous_29)
FNDA:0,(anonymous_30)
FNDA:0,(anonymous_31)
FNDA:0,(anonymous_32)
FNDA:0,(anonymous_33)
FNDA:0,(anonymous_34)
FNDA:0,(anonymous_35)
FNDA:0,(anonymous_36)
FNDA:0,(anonymous_37)
FNDA:0,(anonymous_38)
FNDA:0,(anonymous_39)
FNDA:0,(anonymous_40)
FNDA:0,(anonymous_41)
FNDA:0,(anonymous_42)
FNDA:0,(anonymous_43)
FNDA:0,(anonymous_44)
FNDA:0,(anonymous_45)
FNDA:0,(anonymous_46)
FNDA:0,(anonymous_47)
FNDA:0,(anonymous_48)
DA:7,0
DA:8,0
DA:9,0
DA:10,0
DA:11,0
DA:13,0
DA:14,0
DA:15,0
DA:16,0
DA:17,0
DA:19,0
DA:60,0
DA:65,0
DA:66,0
DA:67,0
DA:68,0
DA:69,0
DA:70,0
DA:77,0
DA:83,0
DA:86,0
DA:87,0
DA:88,0
DA:93,0
DA:94,0
DA:98,0
DA:99,0
DA:100,0
DA:101,0
DA:102,0
DA:103,0
DA:108,0
DA:109,0
DA:110,0
DA:111,0
DA:114,0
DA:115,0
DA:116,0
DA:117,0
DA:120,0
DA:122,0
DA:123,0
DA:141,0
DA:142,0
DA:143,0
DA:145,0
DA:148,0
DA:149,0
DA:160,0
DA:161,0
DA:162,0
DA:163,0
DA:167,0
DA:168,0
DA:169,0
DA:170,0
DA:174,0
DA:175,0
DA:177,0
DA:178,0
DA:180,0
DA:181,0
DA:184,0
DA:186,0
DA:194,0
DA:195,0
DA:197,0
DA:199,0
DA:200,0
DA:207,0
DA:208,0
DA:210,0
DA:212,0
DA:216,0
DA:217,0
DA:219,0
DA:221,0
DA:222,0
DA:229,0
DA:230,0
DA:231,0
DA:232,0
DA:234,0
DA:236,0
DA:240,0
DA:241,0
DA:242,0
DA:245,0
DA:246,0
DA:247,0
DA:248,0
DA:251,0
DA:252,0
DA:253,0
DA:254,0
DA:255,0
DA:258,0
DA:259,0
DA:260,0
DA:261,0
DA:264,0
DA:329,0
DA:397,0
DA:401,0
DA:419,0
DA:428,0
DA:442,0
DA:465,0
DA:490,0
DA:500,0
DA:509,0
DA:525,0
DA:535,0
DA:575,0
DA:583,0
LF:115
LH:0
BRDA:62,0,0,0
BRDA:63,1,0,0
BRDA:87,2,0,0
BRDA:87,2,1,0
BRDA:99,3,0,0
BRDA:99,3,1,0
BRDA:99,4,0,0
BRDA:99,4,1,0
BRDA:101,5,0,0
BRDA:101,5,1,0
BRDA:115,6,0,0
BRDA:115,6,1,0
BRDA:117,7,0,0
BRDA:117,7,1,0
BRDA:122,8,0,0
BRDA:122,8,1,0
BRDA:122,9,0,0
BRDA:122,9,1,0
BRDA:133,10,0,0
BRDA:133,10,1,0
BRDA:145,11,0,0
BRDA:145,11,1,0
BRDA:148,12,0,0
BRDA:148,12,1,0
BRDA:148,13,0,0
BRDA:148,13,1,0
BRDA:169,14,0,0
BRDA:169,14,1,0
BRDA:177,15,0,0
BRDA:177,15,1,0
BRDA:180,16,0,0
BRDA:180,16,1,0
BRDA:184,17,0,0
BRDA:184,17,1,0
BRDA:190,18,0,0
BRDA:190,18,1,0
BRDA:195,19,0,0
BRDA:195,19,1,0
BRDA:201,20,0,0
BRDA:201,20,1,0
BRDA:202,21,0,0
BRDA:202,21,1,0
BRDA:204,22,0,0
BRDA:204,22,1,0
BRDA:217,23,0,0
BRDA:217,23,1,0
BRDA:217,24,0,0
BRDA:217,24,1,0
BRDA:223,25,0,0
BRDA:223,25,1,0
BRDA:224,26,0,0
BRDA:224,26,1,0
BRDA:226,27,0,0
BRDA:226,27,1,0
BRDA:252,28,0,0
BRDA:252,28,1,0
BRDA:253,29,0,0
BRDA:253,29,1,0
BRDA:254,30,0,0
BRDA:254,30,1,0
BRDA:259,31,0,0
BRDA:259,31,1,0
BRDA:260,32,0,0
BRDA:260,32,1,0
BRDA:267,33,0,0
BRDA:267,33,1,0
BRDA:293,34,0,0
BRDA:293,34,1,0
BRDA:306,35,0,0
BRDA:306,35,1,0
BRDA:316,36,0,0
BRDA:316,36,1,0
BRDA:323,37,0,0
BRDA:323,37,1,0
BRDA:323,38,0,0
BRDA:323,38,1,0
BRDA:340,39,0,0
BRDA:340,39,1,0
BRDA:357,40,0,0
BRDA:357,40,1,0
BRDA:358,41,0,0
BRDA:358,41,1,0
BRDA:369,42,0,0
BRDA:369,42,1,0
BRDA:371,43,0,0
BRDA:371,43,1,0
BRDA:379,44,0,0
BRDA:379,44,1,0
BRDA:387,45,0,0
BRDA:387,45,1,0
BRDA:407,46,0,0
BRDA:407,46,1,0
BRDA:408,47,0,0
BRDA:408,47,1,0
BRDA:463,48,0,0
BRDA:463,48,1,0
BRDA:475,49,0,0
BRDA:475,49,1,0
BRDA:487,50,0,0
BRDA:487,50,1,0
BRDA:497,51,0,0
BRDA:497,51,1,0
BRDA:506,52,0,0
BRDA:506,52,1,0
BRDA:523,53,0,0
BRDA:523,53,1,0
BRDA:541,54,0,0
BRDA:541,54,1,0
BRDA:544,55,0,0
BRDA:544,55,1,0
BRDA:561,56,0,0
BRDA:561,56,1,0
BRDA:561,56,2,0
BRF:113
BRH:0
end_of_record
TN:
SF:src/components/hybridIntelligence/ArchetypeAssessment.tsx
FN:265,(anonymous_6)
FN:282,(anonymous_7)
FN:283,(anonymous_8)
FN:287,(anonymous_9)
FN:289,(anonymous_10)
FN:296,(anonymous_11)
FN:298,(anonymous_12)
FN:303,(anonymous_13)
FN:309,(anonymous_14)
FN:312,(anonymous_15)
FN:330,(anonymous_16)
FN:360,(anonymous_17)
FN:453,(anonymous_18)
FN:523,(anonymous_19)
FN:604,(anonymous_20)
FN:613,(anonymous_21)
FN:677,(anonymous_22)
FNF:17
FNH:3
FNDA:4,(anonymous_6)
FNDA:0,(anonymous_7)
FNDA:0,(anonymous_8)
FNDA:0,(anonymous_9)
FNDA:0,(anonymous_10)
FNDA:0,(anonymous_11)
FNDA:0,(anonymous_12)
FNDA:0,(anonymous_13)
FNDA:0,(anonymous_14)
FNDA:0,(anonymous_15)
FNDA:0,(anonymous_16)
FNDA:0,(anonymous_17)
FNDA:0,(anonymous_18)
FNDA:0,(anonymous_19)
FNDA:16,(anonymous_20)
FNDA:0,(anonymous_21)
FNDA:28,(anonymous_22)
DA:7,1
DA:8,1
DA:9,1
DA:10,1
DA:11,1
DA:12,1
DA:13,1
DA:14,1
DA:16,1
DA:33,1
DA:265,1
DA:269,4
DA:270,4
DA:271,4
DA:272,4
DA:273,4
DA:274,4
DA:276,4
DA:279,4
DA:282,4
DA:283,0
DA:287,4
DA:288,0
DA:289,0
DA:291,0
DA:296,4
DA:297,0
DA:298,0
DA:303,4
DA:304,0
DA:306,0
DA:309,0
DA:310,0
DA:311,0
DA:312,0
DA:313,0
DA:314,0
DA:315,0
DA:321,0
DA:323,0
DA:324,0
DA:325,0
DA:326,0
DA:330,4
DA:331,0
DA:333,0
DA:335,0
DA:352,0
DA:353,0
DA:355,0
DA:360,4
DA:361,0
DA:362,0
DA:380,0
DA:400,4
DA:401,0
DA:402,0
DA:403,0
DA:405,0
DA:454,0
DA:524,0
DA:525,0
DA:526,0
DA:527,0
DA:528,0
DA:553,4
DA:554,4
DA:555,4
DA:557,4
DA:605,16
DA:606,16
DA:608,16
DA:613,0
DA:678,28
LF:74
LH:34
BRDA:288,0,0,0
BRDA:288,0,1,0
BRDA:297,1,0,0
BRDA:297,1,1,0
BRDA:311,2,0,0
BRDA:311,2,1,0
BRDA:313,3,0,0
BRDA:313,3,1,0
BRDA:321,4,0,0
BRDA:321,4,1,0
BRDA:331,5,0,0
BRDA:331,5,1,0
BRDA:346,6,0,0
BRDA:346,6,1,0
BRDA:347,7,0,0
BRDA:347,7,1,0
BRDA:348,8,0,0
BRDA:348,8,1,0
BRDA:361,9,0,0
BRDA:361,9,1,0
BRDA:400,10,0,0
BRDA:400,10,1,4
BRDA:400,11,0,4
BRDA:400,11,1,0
BRDA:403,12,0,0
BRDA:403,12,1,0
BRDA:435,13,0,0
BRDA:435,13,1,0
BRDA:435,14,0,0
BRDA:435,14,1,0
BRDA:480,15,0,0
BRDA:480,15,1,0
BRDA:539,16,0,0
BRDA:539,16,1,0
BRDA:616,17,0,0
BRDA:616,17,1,16
BRDA:624,18,0,0
BRDA:624,18,1,16
BRDA:631,19,0,0
BRDA:631,19,1,16
BRDA:637,20,0,16
BRDA:637,20,1,12
BRDA:645,21,0,16
BRDA:645,21,1,8
BRDA:682,22,0,4
BRDA:682,22,1,24
BRDA:690,23,0,4
BRDA:690,23,1,0
BRDA:693,24,0,0
BRDA:693,24,1,4
BRDA:698,25,0,0
BRDA:698,25,1,4
BRF:52
BRH:14
end_of_record
TN:
SF:src/components/hybridIntelligence/BiometricDataInput.tsx
FN:43,(anonymous_6)
FN:79,(anonymous_7)
FN:89,(anonymous_8)
FN:90,(anonymous_9)
FN:94,(anonymous_10)
FN:95,(anonymous_11)
FN:99,(anonymous_12)
FN:103,(anonymous_13)
FN:120,(anonymous_14)
FN:124,(anonymous_15)
FN:144,(anonymous_16)
FN:165,(anonymous_17)
FN:175,(anonymous_18)
FN:176,(anonymous_19)
FN:177,(anonymous_20)
FN:254,(anonymous_21)
FN:285,(anonymous_22)
FN:328,(anonymous_23)
FN:359,(anonymous_24)
FN:387,(anonymous_25)
FN:400,(anonymous_26)
FN:438,(anonymous_27)
FN:455,(anonymous_28)
FN:506,(anonymous_29)
FN:515,(anonymous_30)
FN:528,(anonymous_31)
FN:537,(anonymous_32)
FN:550,(anonymous_33)
FN:559,(anonymous_34)
FNF:29
FNH:4
FNDA:4,(anonymous_6)
FNDA:0,(anonymous_7)
FNDA:0,(anonymous_8)
FNDA:0,(anonymous_9)
FNDA:0,(anonymous_10)
FNDA:0,(anonymous_11)
FNDA:0,(anonymous_12)
FNDA:0,(anonymous_13)
FNDA:0,(anonymous_14)
FNDA:0,(anonymous_15)
FNDA:0,(anonymous_16)
FNDA:0,(anonymous_17)
FNDA:4,(anonymous_18)
FNDA:32,(anonymous_19)
FNDA:24,(anonymous_20)
FNDA:0,(anonymous_21)
FNDA:0,(anonymous_22)
FNDA:0,(anonymous_23)
FNDA:0,(anonymous_24)
FNDA:0,(anonymous_25)
FNDA:0,(anonymous_26)
FNDA:0,(anonymous_27)
FNDA:0,(anonymous_28)
FNDA:0,(anonymous_29)
FNDA:0,(anonymous_30)
FNDA:0,(anonymous_31)
FNDA:0,(anonymous_32)
FNDA:0,(anonymous_33)
FNDA:0,(anonymous_34)
DA:7,1
DA:8,1
DA:9,1
DA:10,1
DA:11,1
DA:12,1
DA:13,1
DA:14,1
DA:15,1
DA:16,1
DA:17,1
DA:22,1
DA:43,1
DA:47,4
DA:58,4
DA:67,4
DA:68,4
DA:76,4
DA:79,4
DA:80,0
DA:81,0
DA:83,0
DA:84,0
DA:89,4
DA:90,0
DA:94,4
DA:95,0
DA:99,4
DA:100,0
DA:101,0
DA:103,0
DA:104,0
DA:105,0
DA:107,0
DA:110,0
DA:111,0
DA:113,0
DA:115,0
DA:120,4
DA:121,0
DA:122,0
DA:124,0
DA:125,0
DA:126,0
DA:128,0
DA:131,0
DA:135,0
DA:137,0
DA:139,0
DA:144,4
DA:145,0
DA:147,0
DA:149,0
DA:151,0
DA:153,0
DA:155,0
DA:157,0
DA:159,0
DA:161,0
DA:165,4
DA:166,0
DA:167,0
DA:168,0
DA:169,0
DA:170,0
DA:171,0
DA:175,4
DA:176,32
DA:177,24
DA:178,4
DA:179,4
DA:182,4
DA:254,0
DA:285,0
DA:328,0
DA:359,0
DA:387,0
DA:400,0
DA:438,0
DA:455,0
DA:506,0
DA:515,0
DA:528,0
DA:537,0
DA:550,0
DA:559,0
LF:86
LH:31
BRDA:80,0,0,0
BRDA:80,0,1,0
BRDA:83,1,0,0
BRDA:83,1,1,0
BRDA:104,2,0,0
BRDA:104,2,1,0
BRDA:104,3,0,0
BRDA:104,3,1,0
BRDA:125,4,0,0
BRDA:125,4,1,0
BRDA:125,5,0,0
BRDA:125,5,1,0
BRDA:145,6,0,0
BRDA:145,6,1,0
BRDA:145,7,0,0
BRDA:145,7,1,0
BRDA:147,8,0,0
BRDA:147,8,1,0
BRDA:147,8,2,0
BRDA:147,8,3,0
BRDA:147,8,4,0
BRDA:147,8,5,0
BRDA:147,8,6,0
BRDA:149,9,0,0
BRDA:149,9,1,0
BRDA:149,10,0,0
BRDA:149,10,1,0
BRDA:149,11,0,0
BRDA:149,11,1,0
BRDA:151,12,0,0
BRDA:151,12,1,0
BRDA:151,13,0,0
BRDA:151,13,1,0
BRDA:151,14,0,0
BRDA:151,14,1,0
BRDA:151,15,0,0
BRDA:151,15,1,0
BRDA:153,16,0,0
BRDA:153,16,1,0
BRDA:153,17,0,0
BRDA:153,17,1,0
BRDA:153,18,0,0
BRDA:153,18,1,0
BRDA:155,19,0,0
BRDA:155,19,1,0
BRDA:155,20,0,0
BRDA:155,20,1,0
BRDA:155,21,0,0
BRDA:155,21,1,0
BRDA:157,22,0,0
BRDA:157,22,1,0
BRDA:157,23,0,0
BRDA:157,23,1,0
BRDA:157,24,0,0
BRDA:157,24,1,0
BRDA:159,25,0,0
BRDA:159,25,1,0
BRDA:159,26,0,0
BRDA:159,26,1,0
BRDA:159,27,0,0
BRDA:159,27,1,0
BRDA:166,28,0,0
BRDA:166,28,1,0
BRDA:166,28,2,0
BRDA:166,28,3,0
BRDA:166,28,4,0
BRDA:176,29,0,32
BRDA:176,29,1,0
BRDA:177,30,0,24
BRDA:177,30,1,0
BRDA:240,31,0,0
BRDA:240,31,1,4
BRDA:242,32,0,4
BRDA:242,32,1,0
BRDA:253,33,0,0
BRDA:253,33,1,4
BRDA:271,34,0,0
BRDA:271,34,1,4
BRDA:273,35,0,4
BRDA:273,35,1,0
BRDA:284,36,0,4
BRDA:284,36,1,4
BRDA:314,37,0,0
BRDA:314,37,1,4
BRDA:316,38,0,4
BRDA:316,38,1,0
BRDA:327,39,0,0
BRDA:327,39,1,4
BRDA:345,40,0,0
BRDA:345,40,1,4
BRDA:347,41,0,4
BRDA:347,41,1,0
BRDA:358,42,0,0
BRDA:358,42,1,4
BRDA:386,43,0,4
BRDA:386,43,1,4
BRDA:387,44,0,0
BRDA:387,44,1,0
BRDA:399,45,0,4
BRDA:399,45,1,4
BRDA:400,46,0,0
BRDA:400,46,1,0
BRDA:424,47,0,0
BRDA:424,47,1,4
BRDA:426,48,0,4
BRDA:426,48,1,0
BRDA:437,49,0,0
BRDA:437,49,1,4
BRDA:454,50,0,4
BRDA:454,50,1,4
BRDA:455,51,0,0
BRDA:455,51,1,0
BRDA:468,52,0,4
BRDA:468,52,1,4
BRDA:471,53,0,0
BRDA:471,53,1,4
BRDA:471,54,0,4
BRDA:471,54,1,4
BRDA:505,55,0,4
BRDA:505,55,1,4
BRDA:506,56,0,0
BRDA:506,56,1,0
BRDA:514,57,0,4
BRDA:514,57,1,4
BRDA:515,58,0,0
BRDA:515,58,1,0
BRDA:527,59,0,4
BRDA:527,59,1,4
BRDA:528,60,0,0
BRDA:528,60,1,0
BRDA:536,61,0,4
BRDA:536,61,1,4
BRDA:537,62,0,0
BRDA:537,62,1,0
BRDA:549,63,0,4
BRDA:549,63,1,4
BRDA:550,64,0,0
BRDA:550,64,1,0
BRDA:558,65,0,4
BRDA:558,65,1,4
BRDA:559,66,0,0
BRDA:559,66,1,0
BRDA:600,67,0,4
BRDA:600,67,1,4
BRDA:603,68,0,0
BRDA:603,68,1,4
BRDA:603,69,0,4
BRDA:603,69,1,4
BRF:148
BRH:46
end_of_record
TN:
SF:src/components/hybridIntelligence/HybridIntelligenceDashboard.tsx
FN:39,(anonymous_6)
FN:66,(anonymous_7)
FN:76,(anonymous_8)
FN:268,(anonymous_9)
FN:288,(anonymous_10)
FN:298,(anonymous_11)
FN:329,(anonymous_12)
FN:364,(anonymous_13)
FN:377,(anonymous_14)
FN:390,(anonymous_15)
FN:414,(anonymous_16)
FN:417,(anonymous_17)
FN:474,(anonymous_18)
FN:508,(anonymous_19)
FN:517,(anonymous_20)
FN:526,(anonymous_21)
FN:555,(anonymous_22)
FN:567,(anonymous_23)
FNF:18
FNH:6
FNDA:22,(anonymous_6)
FNDA:2,(anonymous_7)
FNDA:22,(anonymous_8)
FNDA:80,(anonymous_9)
FNDA:36,(anonymous_10)
FNDA:180,(anonymous_11)
FNDA:0,(anonymous_12)
FNDA:0,(anonymous_13)
FNDA:0,(anonymous_14)
FNDA:0,(anonymous_15)
FNDA:0,(anonymous_16)
FNDA:0,(anonymous_17)
FNDA:0,(anonymous_18)
FNDA:0,(anonymous_19)
FNDA:0,(anonymous_20)
FNDA:0,(anonymous_21)
FNDA:0,(anonymous_22)
FNDA:0,(anonymous_23)
DA:7,1
DA:9,1
DA:10,1
DA:11,1
DA:12,1
DA:13,1
DA:14,1
DA:15,1
DA:16,1
DA:39,1
DA:61,22
DA:63,22
DA:66,22
DA:67,2
DA:68,1
DA:70,2
DA:71,0
DA:76,22
DA:77,22
DA:79,22
DA:80,22
DA:90,0
DA:102,22
DA:103,22
DA:104,22
DA:105,22
DA:106,22
DA:107,22
DA:109,22
DA:110,1
DA:120,21
DA:121,1
DA:137,20
DA:138,0
DA:156,20
DA:158,20
DA:269,80
DA:289,36
DA:299,180
DA:330,0
DA:365,0
DA:378,0
DA:391,0
DA:415,0
DA:417,0
DA:418,0
DA:420,0
DA:422,0
DA:424,0
DA:426,0
DA:428,0
DA:430,0
DA:432,0
DA:434,0
DA:436,0
DA:440,0
DA:442,0
DA:475,0
DA:477,0
DA:509,0
DA:518,0
DA:527,0
DA:556,0
DA:568,0
LF:64
LH:36
BRDA:67,0,0,1
BRDA:67,0,1,1
BRDA:70,1,0,0
BRDA:70,1,1,2
BRDA:77,2,0,0
BRDA:77,2,1,22
BRDA:79,3,0,22
BRDA:79,3,1,0
BRDA:109,4,0,1
BRDA:109,4,1,21
BRDA:120,5,0,1
BRDA:120,5,1,20
BRDA:137,6,0,0
BRDA:137,6,1,20
BRDA:156,7,0,20
BRDA:156,7,1,0
BRDA:257,8,0,0
BRDA:257,8,1,20
BRDA:303,9,0,144
BRDA:303,9,1,36
BRDA:309,10,0,12
BRDA:309,10,1,24
BRDA:309,11,0,12
BRDA:309,11,1,12
BRDA:342,12,0,0
BRDA:342,12,1,0
BRDA:412,13,0,0
BRDA:412,13,1,0
BRDA:415,14,0,0
BRDA:415,14,1,0
BRDA:415,15,0,0
BRDA:415,15,1,0
BRDA:418,16,0,0
BRDA:418,16,1,0
BRDA:418,16,2,0
BRDA:418,16,3,0
BRDA:418,16,4,0
BRDA:418,16,5,0
BRDA:418,16,6,0
BRDA:418,16,7,0
BRDA:418,16,8,0
BRDA:420,17,0,0
BRDA:420,17,1,0
BRDA:420,18,0,0
BRDA:420,18,1,0
BRDA:422,19,0,0
BRDA:422,19,1,0
BRDA:422,20,0,0
BRDA:422,20,1,0
BRDA:424,21,0,0
BRDA:424,21,1,0
BRDA:424,22,0,0
BRDA:424,22,1,0
BRDA:426,23,0,0
BRDA:426,23,1,0
BRDA:426,24,0,0
BRDA:426,24,1,0
BRDA:428,25,0,0
BRDA:428,25,1,0
BRDA:428,26,0,0
BRDA:428,26,1,0
BRDA:434,27,0,0
BRDA:434,27,1,0
BRDA:434,28,0,0
BRDA:434,28,1,0
BRDA:467,29,0,0
BRDA:467,29,1,0
BRDA:475,30,0,0
BRDA:475,30,1,0
BRDA:475,31,0,0
BRDA:475,31,1,0
BRDA:475,31,2,0
BRDA:480,32,0,0
BRDA:480,32,1,0
BRDA:496,33,0,0
BRDA:496,33,1,0
BRF:76
BRH:18
end_of_record
TN:
SF:src/components/landing/DemoSection.tsx
FN:12,(anonymous_6)
FN:15,(anonymous_7)
FN:16,(anonymous_8)
FN:17,(anonymous_9)
FN:22,(anonymous_10)
FN:28,(anonymous_11)
FN:55,(anonymous_12)
FNF:7
FNH:0
FNDA:0,(anonymous_6)
FNDA:0,(anonymous_7)
FNDA:0,(anonymous_8)
FNDA:0,(anonymous_9)
FNDA:0,(anonymous_10)
FNDA:0,(anonymous_11)
FNDA:0,(anonymous_12)
DA:1,0
DA:2,0
DA:3,0
DA:5,0
DA:12,0
DA:13,0
DA:15,0
DA:16,0
DA:17,0
DA:18,0
DA:19,0
DA:22,0
DA:23,0
DA:28,0
DA:31,0
DA:56,0
LF:16
LH:0
BRDA:18,0,0,0
BRDA:18,0,1,0
BRDA:58,1,0,0
BRDA:58,1,1,0
BRDA:61,2,0,0
BRDA:61,2,1,0
BRDA:65,3,0,0
BRDA:65,3,1,0
BRDA:71,4,0,0
BRDA:71,4,1,0
BRDA:73,5,0,0
BRDA:73,5,1,0
BRDA:83,6,0,0
BRDA:83,6,1,0
BRF:14
BRH:0
end_of_record
TN:
SF:src/components/landing/EnergyLines.tsx
FN:4,(anonymous_6)
FN:7,(anonymous_7)
FN:14,(anonymous_8)
FN:45,(anonymous_9)
FN:48,(anonymous_10)
FN:83,(anonymous_11)
FNF:6
FNH:0
FNDA:0,(anonymous_6)
FNDA:0,(anonymous_7)
FNDA:0,(anonymous_8)
FNDA:0,(anonymous_9)
FNDA:0,(anonymous_10)
FNDA:0,(anonymous_11)
DA:2,0
DA:4,0
DA:5,0
DA:7,0
DA:8,0
DA:9,0
DA:11,0
DA:12,0
DA:14,0
DA:15,0
DA:16,0
DA:19,0
DA:20,0
DA:29,0
DA:32,0
DA:33,0
DA:45,0
DA:46,0
DA:48,0
DA:49,0
DA:50,0
DA:51,0
DA:52,0
DA:54,0
DA:55,0
DA:56,0
DA:57,0
DA:58,0
DA:59,0
DA:62,0
DA:63,0
DA:64,0
DA:65,0
DA:68,0
DA:69,0
DA:70,0
DA:71,0
DA:72,0
DA:73,0
DA:74,0
DA:75,0
DA:78,0
DA:81,0
DA:83,0
DA:84,0
DA:85,0
DA:89,0
LF:47
LH:0
BRDA:9,0,0,0
BRDA:9,0,1,0
BRDA:12,1,0,0
BRDA:12,1,1,0
BRDA:68,2,0,0
BRDA:68,2,1,0
BRDA:69,3,0,0
BRDA:69,3,1,0
BRDA:70,4,0,0
BRDA:70,4,1,0
BRDA:71,5,0,0
BRDA:71,5,1,0
BRDA:72,6,0,0
BRDA:72,6,1,0
BRDA:73,7,0,0
BRDA:73,7,1,0
BRDA:74,8,0,0
BRDA:74,8,1,0
BRDA:75,9,0,0
BRDA:75,9,1,0
BRF:20
BRH:0
end_of_record
TN:
SF:src/components/landing/FeatureCards.tsx
FN:27,(anonymous_1)
FN:50,(anonymous_2)
FNF:2
FNH:0
FNDA:0,(anonymous_1)
FNDA:0,(anonymous_2)
DA:2,0
DA:3,0
DA:4,0
DA:6,0
DA:27,0
DA:28,0
DA:30,0
DA:51,0
LF:8
LH:0
BRDA:35,0,0,0
BRDA:35,0,1,0
BRDA:41,1,0,0
BRDA:41,1,1,0
BRDA:48,2,0,0
BRDA:48,2,1,0
BRDA:57,3,0,0
BRDA:57,3,1,0
BRDA:65,4,0,0
BRDA:65,4,1,0
BRDA:68,5,0,0
BRDA:68,5,1,0
BRDA:73,6,0,0
BRDA:73,6,1,0
BRDA:76,7,0,0
BRDA:76,7,1,0
BRF:16
BRH:0
end_of_record
TN:
SF:src/components/landing/HeroSection.tsx
FN:8,(anonymous_6)
FN:13,(anonymous_7)
FN:15,(anonymous_8)
FN:24,(anonymous_9)
FN:72,(anonymous_10)
FNF:5
FNH:0
FNDA:0,(anonymous_6)
FNDA:0,(anonymous_7)
FNDA:0,(anonymous_8)
FNDA:0,(anonymous_9)
FNDA:0,(anonymous_10)
DA:2,0
DA:3,0
DA:4,0
DA:5,0
DA:6,0
DA:8,0
DA:9,0
DA:10,0
DA:11,0
DA:13,0
DA:14,0
DA:15,0
DA:16,0
DA:17,0
DA:18,0
DA:20,0
DA:24,0
DA:27,0
DA:72,0
LF:19
LH:0
BRDA:16,0,0,0
BRDA:16,0,1,0
BRDA:40,1,0,0
BRDA:40,1,1,0
BRDA:47,2,0,0
BRDA:47,2,1,0
BRDA:55,3,0,0
BRDA:55,3,1,0
BRDA:62,4,0,0
BRDA:62,4,1,0
BRDA:64,5,0,0
BRDA:64,5,1,0
BRDA:65,6,0,0
BRDA:65,6,1,0
BRDA:71,7,0,0
BRDA:71,7,1,0
BRDA:81,8,0,0
BRDA:81,8,1,0
BRDA:84,9,0,0
BRDA:84,9,1,0
BRF:20
BRH:0
end_of_record
TN:
SF:src/components/landing/LandingFooter.tsx
FN:5,(anonymous_1)
FNF:1
FNH:0
FNDA:0,(anonymous_1)
DA:2,0
DA:3,0
DA:5,0
DA:6,0
LF:4
LH:0
BRF:0
BRH:0
end_of_record
TN:
SF:src/components/landing/LandingHeader.tsx
FN:7,(anonymous_6)
FN:46,(anonymous_7)
FN:58,(anonymous_8)
FN:65,(anonymous_9)
FN:72,(anonymous_10)
FN:76,(anonymous_11)
FNF:6
FNH:0
FNDA:0,(anonymous_6)
FNDA:0,(anonymous_7)
FNDA:0,(anonymous_8)
FNDA:0,(anonymous_9)
FNDA:0,(anonymous_10)
FNDA:0,(anonymous_11)
DA:2,0
DA:3,0
DA:4,0
DA:5,0
DA:7,0
DA:8,0
DA:10,0
DA:46,0
DA:58,0
DA:65,0
DA:72,0
DA:76,0
LF:12
LH:0
BRDA:48,0,0,0
BRDA:48,0,1,0
BRDA:52,1,0,0
BRDA:52,1,1,0
BRF:4
BRH:0
end_of_record
TN:
SF:src/components/landing/ParticleBackground.tsx
FN:14,(anonymous_6)
FN:17,(anonymous_7)
FN:24,(anonymous_8)
FN:50,(anonymous_9)
FN:53,(anonymous_10)
FN:71,(anonymous_11)
FN:92,(anonymous_12)
FNF:7
FNH:0
FNDA:0,(anonymous_6)
FNDA:0,(anonymous_7)
FNDA:0,(anonymous_8)
FNDA:0,(anonymous_9)
FNDA:0,(anonymous_10)
FNDA:0,(anonymous_11)
FNDA:0,(anonymous_12)
DA:2,0
DA:14,0
DA:15,0
DA:17,0
DA:18,0
DA:19,0
DA:21,0
DA:22,0
DA:24,0
DA:25,0
DA:26,0
DA:29,0
DA:30,0
DA:32,0
DA:33,0
DA:36,0
DA:37,0
DA:50,0
DA:51,0
DA:53,0
DA:55,0
DA:56,0
DA:59,0
DA:60,0
DA:61,0
DA:62,0
DA:65,0
DA:66,0
DA:67,0
DA:68,0
DA:71,0
DA:72,0
DA:73,0
DA:74,0
DA:76,0
DA:77,0
DA:78,0
DA:79,0
DA:80,0
DA:81,0
DA:82,0
DA:87,0
DA:90,0
DA:92,0
DA:93,0
DA:94,0
DA:98,0
LF:47
LH:0
BRDA:19,0,0,0
BRDA:19,0,1,0
BRDA:22,1,0,0
BRDA:22,1,1,0
BRDA:44,2,0,0
BRDA:44,2,1,0
BRDA:59,3,0,0
BRDA:59,3,1,0
BRDA:60,4,0,0
BRDA:60,4,1,0
BRDA:61,5,0,0
BRDA:61,5,1,0
BRDA:62,6,0,0
BRDA:62,6,1,0
BRDA:76,7,0,0
BRDA:76,7,1,0
BRF:16
BRH:0
end_of_record
TN:
SF:src/components/layout/BiometricsToggle.tsx
FN:11,(anonymous_1)
FN:24,(anonymous_2)
FNF:2
FNH:0
FNDA:0,(anonymous_1)
FNDA:0,(anonymous_2)
DA:2,0
DA:3,0
DA:4,0
DA:11,0
DA:15,0
DA:16,0
DA:18,0
DA:19,0
DA:22,0
DA:24,0
LF:10
LH:0
BRDA:18,0,0,0
BRDA:18,0,1,0
BRDA:27,1,0,0
BRDA:27,1,1,0
BRDA:32,2,0,0
BRDA:32,2,1,0
BRF:6
BRH:0
end_of_record
TN:
SF:src/components/layout/ChatFooter.tsx
FN:9,(anonymous_1)
FNF:1
FNH:0
FNDA:0,(anonymous_1)
DA:2,0
DA:3,0
DA:9,0
DA:10,0
LF:4
LH:0
BRF:0
BRH:0
end_of_record
TN:
SF:src/components/layout/ChatHeader.tsx
FN:12,(anonymous_1)
FNF:1
FNH:0
FNDA:0,(anonymous_1)
DA:2,0
DA:3,0
DA:4,0
DA:5,0
DA:12,0
DA:13,0
DA:15,0
LF:7
LH:0
BRDA:19,0,0,0
BRDA:19,0,1,0
BRDA:22,1,0,0
BRDA:22,1,1,0
BRF:4
BRH:0
end_of_record
TN:
SF:src/components/layout/ChatLayout.tsx
FN:15,(anonymous_6)
FN:27,(anonymous_7)
FN:35,(anonymous_8)
FN:39,(anonymous_9)
FN:45,(anonymous_10)
FNF:5
FNH:0
FNDA:0,(anonymous_6)
FNDA:0,(anonymous_7)
FNDA:0,(anonymous_8)
FNDA:0,(anonymous_9)
FNDA:0,(anonymous_10)
DA:2,0
DA:3,0
DA:4,0
DA:5,0
DA:6,0
DA:7,0
DA:8,0
DA:9,0
DA:10,0
DA:11,0
DA:12,0
DA:13,0
DA:15,0
DA:19,0
DA:21,0
DA:22,0
DA:23,0
DA:24,0
DA:27,0
DA:28,0
DA:29,0
DA:34,0
DA:35,0
DA:39,0
DA:40,0
DA:41,0
DA:45,0
DA:46,0
DA:47,0
DA:48,0
DA:52,0
LF:31
LH:0
BRDA:28,0,0,0
BRDA:28,0,1,0
BRDA:28,1,0,0
BRDA:28,1,1,0
BRDA:40,2,0,0
BRDA:40,2,1,0
BRDA:40,3,0,0
BRDA:40,3,1,0
BRDA:47,4,0,0
BRDA:47,4,1,0
BRDA:58,5,0,0
BRDA:58,5,1,0
BRDA:58,5,2,0
BRDA:68,6,0,0
BRDA:68,6,1,0
BRDA:68,6,2,0
BRDA:86,7,0,0
BRDA:86,7,1,0
BRF:18
BRH:0
end_of_record
TN:
SF:src/components/layout/ChatMainContent.tsx
FN:10,(anonymous_1)
FNF:1
FNH:0
FNDA:0,(anonymous_1)
DA:2,0
DA:3,0
DA:4,0
DA:10,0
DA:12,0
DA:13,0
DA:17,0
LF:7
LH:0
BRDA:12,0,0,0
BRDA:12,0,1,0
BRF:2
BRH:0
end_of_record
TN:
SF:src/components/layout/ChatMessageHandlers.tsx
FN:6,(anonymous_0)
FN:17,(anonymous_1)
FN:59,(anonymous_2)
FN:78,(anonymous_3)
FNF:4
FNH:0
FNDA:0,(anonymous_0)
FNDA:0,(anonymous_1)
FNDA:0,(anonymous_2)
FNDA:0,(anonymous_3)
DA:1,0
DA:2,0
DA:3,0
DA:6,0
DA:13,0
DA:15,0
DA:17,0
DA:18,0
DA:20,0
DA:21,0
DA:24,0
DA:25,0
DA:27,0
DA:28,0
DA:29,0
DA:32,0
DA:38,0
DA:39,0
DA:42,0
DA:48,0
DA:50,0
DA:57,0
DA:59,0
DA:60,0
DA:72,0
DA:75,0
DA:78,0
DA:79,0
DA:118,0
DA:119,0
DA:124,0
LF:31
LH:0
BRDA:20,0,0,0
BRDA:20,0,1,0
BRDA:27,1,0,0
BRDA:27,1,1,0
BRDA:27,2,0,0
BRDA:27,2,1,0
BRDA:32,3,0,0
BRDA:32,3,1,0
BRDA:32,3,2,0
BRDA:32,3,3,0
BRDA:32,3,4,0
BRDA:38,4,0,0
BRDA:38,4,1,0
BRDA:57,5,0,0
BRDA:57,5,1,0
BRDA:118,6,0,0
BRDA:118,6,1,0
BRF:17
BRH:0
end_of_record
TN:
SF:src/components/layout/KeyboardShortcutsHelp.tsx
FN:5,(anonymous_1)
FNF:1
FNH:0
FNDA:0,(anonymous_1)
DA:2,0
DA:3,0
DA:5,0
DA:6,0
DA:9,0
DA:10,0
DA:13,0
LF:7
LH:0
BRDA:9,0,0,0
BRDA:9,0,1,0
BRF:2
BRH:0
end_of_record
TN:
SF:src/components/layout/Sidebar.tsx
FN:16,(anonymous_1)
FNF:1
FNH:0
FNDA:0,(anonymous_1)
DA:2,0
DA:3,0
DA:4,0
DA:5,0
DA:6,0
DA:7,0
DA:8,0
DA:9,0
DA:16,0
DA:17,0
DA:18,0
DA:20,0
LF:12
LH:0
BRDA:24,0,0,0
BRDA:24,0,1,0
BRDA:25,1,0,0
BRDA:25,1,1,0
BRDA:27,2,0,0
BRDA:27,2,1,0
BRF:6
BRH:0
end_of_record
TN:
SF:src/components/layout/sidebar/NewConversationButton.tsx
FN:10,(anonymous_1)
FN:14,(anonymous_2)
FNF:2
FNH:0
FNDA:0,(anonymous_1)
FNDA:0,(anonymous_2)
DA:2,0
DA:3,0
DA:4,0
DA:5,0
DA:6,0
DA:7,0
DA:8,0
DA:10,0
DA:11,0
DA:12,0
DA:14,0
DA:15,0
DA:17,0
DA:18,0
DA:22,0
LF:15
LH:0
BRDA:17,0,0,0
BRDA:17,0,1,0
BRDA:31,1,0,0
BRDA:31,1,1,0
BRDA:31,2,0,0
BRDA:31,2,1,0
BRDA:35,3,0,0
BRDA:35,3,1,0
BRDA:35,3,2,0
BRDA:42,4,0,0
BRDA:42,4,1,0
BRDA:42,4,2,0
BRF:12
BRH:0
end_of_record
TN:
SF:src/components/layout/sidebar/SidebarConversationsList.tsx
FN:13,(anonymous_6)
FN:30,(anonymous_7)
FN:32,(anonymous_8)
FN:42,(anonymous_9)
FN:44,(anonymous_10)
FN:52,(anonymous_11)
FN:76,(anonymous_12)
FN:111,(anonymous_13)
FN:127,(anonymous_14)
FN:150,(anonymous_15)
FN:167,(anonymous_16)
FN:177,(anonymous_17)
FN:181,(anonymous_18)
FN:194,(anonymous_19)
FN:217,(anonymous_20)
FN:239,(anonymous_21)
FN:254,(anonymous_22)
FN:276,(anonymous_23)
FN:298,(anonymous_24)
FN:313,(anonymous_25)
FNF:20
FNH:0
FNDA:0,(anonymous_6)
FNDA:0,(anonymous_7)
FNDA:0,(anonymous_8)
FNDA:0,(anonymous_9)
FNDA:0,(anonymous_10)
FNDA:0,(anonymous_11)
FNDA:0,(anonymous_12)
FNDA:0,(anonymous_13)
FNDA:0,(anonymous_14)
FNDA:0,(anonymous_15)
FNDA:0,(anonymous_16)
FNDA:0,(anonymous_17)
FNDA:0,(anonymous_18)
FNDA:0,(anonymous_19)
FNDA:0,(anonymous_20)
FNDA:0,(anonymous_21)
FNDA:0,(anonymous_22)
FNDA:0,(anonymous_23)
FNDA:0,(anonymous_24)
FNDA:0,(anonymous_25)
DA:2,0
DA:3,0
DA:4,0
DA:5,0
DA:6,0
DA:7,0
DA:8,0
DA:9,0
DA:10,0
DA:11,0
DA:13,0
DA:21,0
DA:23,0
DA:24,0
DA:25,0
DA:26,0
DA:27,0
DA:30,0
DA:31,0
DA:33,0
DA:37,0
DA:38,0
DA:42,0
DA:44,0
DA:45,0
DA:47,0
DA:48,0
DA:52,0
DA:59,0
DA:72,0
DA:73,0
DA:76,0
DA:87,0
DA:99,0
DA:111,0
DA:127,0
DA:150,0
DA:168,0
DA:177,0
DA:182,0
DA:183,0
DA:195,0
DA:196,0
DA:217,0
DA:239,0
DA:254,0
DA:276,0
DA:298,0
DA:313,0
LF:49
LH:0
BRDA:31,0,0,0
BRDA:31,0,1,0
BRDA:38,1,0,0
BRDA:38,1,1,0
BRDA:47,2,0,0
BRDA:47,2,1,0
BRDA:62,3,0,0
BRDA:62,3,1,0
BRDA:62,4,0,0
BRDA:62,4,1,0
BRDA:72,5,0,0
BRDA:72,5,1,0
BRDA:76,6,0,0
BRDA:76,6,1,0
BRDA:101,7,0,0
BRDA:101,7,1,0
BRDA:101,8,0,0
BRDA:101,8,1,0
BRDA:103,9,0,0
BRDA:103,9,1,0
BRDA:103,9,2,0
BRDA:120,10,0,0
BRDA:120,10,1,0
BRDA:120,10,2,0
BRDA:123,11,0,0
BRDA:123,11,1,0
BRDA:126,12,0,0
BRDA:126,12,1,0
BRDA:140,13,0,0
BRDA:140,13,1,0
BRDA:140,13,2,0
BRDA:146,14,0,0
BRDA:146,14,1,0
BRDA:153,15,0,0
BRDA:153,15,1,0
BRDA:162,16,0,0
BRDA:162,16,1,0
BRDA:162,17,0,0
BRDA:162,17,1,0
BRDA:172,18,0,0
BRDA:172,18,1,0
BRDA:182,19,0,0
BRDA:182,19,1,0
BRDA:182,20,0,0
BRDA:182,20,1,0
BRDA:217,21,0,0
BRDA:217,21,1,0
BRDA:220,22,0,0
BRDA:220,22,1,0
BRDA:239,23,0,0
BRDA:239,23,1,0
BRDA:242,24,0,0
BRDA:242,24,1,0
BRDA:254,25,0,0
BRDA:254,25,1,0
BRDA:257,26,0,0
BRDA:257,26,1,0
BRDA:276,27,0,0
BRDA:276,27,1,0
BRDA:279,28,0,0
BRDA:279,28,1,0
BRDA:298,29,0,0
BRDA:298,29,1,0
BRDA:301,30,0,0
BRDA:301,30,1,0
BRDA:313,31,0,0
BRDA:313,31,1,0
BRDA:316,32,0,0
BRDA:316,32,1,0
BRF:69
BRH:0
end_of_record
TN:
SF:src/components/layout/sidebar/SidebarFooter.tsx
FN:16,(anonymous_1)
FN:49,(anonymous_2)
FN:90,(anonymous_3)
FNF:3
FNH:0
FNDA:0,(anonymous_1)
FNDA:0,(anonymous_2)
FNDA:0,(anonymous_3)
DA:2,0
DA:3,0
DA:4,0
DA:5,0
DA:6,0
DA:7,0
DA:8,0
DA:9,0
DA:16,0
DA:17,0
DA:18,0
DA:19,0
DA:20,0
DA:22,0
DA:49,0
DA:90,0
LF:16
LH:0
BRDA:24,0,0,0
BRDA:24,0,1,0
BRDA:24,1,0,0
BRDA:24,1,1,0
BRDA:26,2,0,0
BRDA:26,2,1,0
BRDA:26,2,2,0
BRDA:36,3,0,0
BRDA:36,3,1,0
BRDA:38,4,0,0
BRDA:38,4,1,0
BRDA:45,5,0,0
BRDA:45,5,1,0
BRDA:54,6,0,0
BRDA:54,6,1,0
BRDA:63,7,0,0
BRDA:63,7,1,0
BRDA:71,8,0,0
BRDA:71,8,1,0
BRDA:71,8,2,0
BRDA:79,9,0,0
BRDA:79,9,1,0
BRDA:80,10,0,0
BRDA:80,10,1,0
BRDA:81,11,0,0
BRDA:81,11,1,0
BRDA:88,12,0,0
BRDA:88,12,1,0
BRDA:95,13,0,0
BRDA:95,13,1,0
BRDA:99,14,0,0
BRDA:99,14,1,0
BRF:32
BRH:0
end_of_record
TN:
SF:src/components/layout/sidebar/SidebarHeader.tsx
FN:10,(anonymous_1)
FNF:1
FNH:0
FNDA:0,(anonymous_1)
DA:2,0
DA:3,0
DA:4,0
DA:5,0
DA:6,0
DA:7,0
DA:8,0
DA:10,0
DA:11,0
DA:12,0
DA:14,0
LF:11
LH:0
BRDA:25,0,0,0
BRDA:25,0,1,0
BRDA:25,0,2,0
BRDA:31,1,0,0
BRDA:31,1,1,0
BRDA:31,1,2,0
BRDA:44,2,0,0
BRDA:44,2,1,0
BRDA:47,3,0,0
BRDA:47,3,1,0
BRF:10
BRH:0
end_of_record
TN:
SF:src/components/nutrition/NutritionOverview.tsx
FN:9,(anonymous_1)
FN:144,(anonymous_2)
FNF:2
FNH:0
FNDA:0,(anonymous_1)
FNDA:0,(anonymous_2)
DA:2,0
DA:3,0
DA:4,0
DA:5,0
DA:6,0
DA:7,0
DA:9,0
DA:10,0
DA:12,0
DA:13,0
DA:24,0
DA:145,0
LF:12
LH:0
BRDA:12,0,0,0
BRDA:12,0,1,0
BRF:2
BRH:0
end_of_record
TN:
SF:src/components/nutrition/PDFUpload.tsx
FN:11,(anonymous_6)
FN:15,(anonymous_7)
FN:33,(anonymous_8)
FN:43,(anonymous_9)
FN:158,(anonymous_10)
FNF:5
FNH:0
FNDA:0,(anonymous_6)
FNDA:0,(anonymous_7)
FNDA:0,(anonymous_8)
FNDA:0,(anonymous_9)
FNDA:0,(anonymous_10)
DA:2,0
DA:3,0
DA:4,0
DA:5,0
DA:6,0
DA:7,0
DA:8,0
DA:9,0
DA:11,0
DA:12,0
DA:13,0
DA:15,0
DA:16,0
DA:17,0
DA:18,0
DA:20,0
DA:24,0
DA:33,0
DA:34,0
DA:36,0
DA:37,0
DA:39,0
DA:41,0
DA:42,0
DA:43,0
DA:47,0
DA:70,0
DA:108,0
DA:109,0
DA:110,0
DA:112,0
DA:114,0
DA:115,0
DA:119,0
DA:158,0
LF:35
LH:0
BRDA:17,0,0,0
BRDA:17,0,1,0
BRDA:17,1,0,0
BRDA:17,1,1,0
BRDA:34,2,0,0
BRDA:34,2,1,0
BRDA:128,3,0,0
BRDA:128,3,1,0
BRDA:133,4,0,0
BRDA:133,4,1,0
BRDA:139,5,0,0
BRDA:139,5,1,0
BRDA:170,6,0,0
BRDA:170,6,1,0
BRF:14
BRH:0
end_of_record
TN:
SF:src/components/progress/AchievementsBanner.tsx
FN:14,(anonymous_1)
FN:15,(anonymous_2)
FN:42,(anonymous_3)
FNF:3
FNH:0
FNDA:0,(anonymous_1)
FNDA:0,(anonymous_2)
FNDA:0,(anonymous_3)
DA:2,0
DA:3,0
DA:4,0
DA:5,0
DA:7,0
DA:8,0
DA:14,0
DA:15,0
DA:16,0
DA:18,0
DA:20,0
DA:22,0
DA:24,0
DA:28,0
DA:43,0
LF:15
LH:0
BRDA:16,0,0,0
BRDA:16,0,1,0
BRDA:16,0,2,0
BRDA:16,0,3,0
BRF:4
BRH:0
end_of_record
TN:
SF:src/components/progress/GoalTracker.tsx
FN:11,(anonymous_1)
FN:14,(anonymous_2)
FN:22,(anonymous_3)
FN:27,(anonymous_4)
FN:50,(anonymous_5)
FNF:5
FNH:0
FNDA:0,(anonymous_1)
FNDA:0,(anonymous_2)
FNDA:0,(anonymous_3)
FNDA:0,(anonymous_4)
FNDA:0,(anonymous_5)
DA:2,0
DA:3,0
DA:4,0
DA:5,0
DA:6,0
DA:7,0
DA:8,0
DA:9,0
DA:11,0
DA:12,0
DA:14,0
DA:15,0
DA:17,0
DA:19,0
DA:22,0
DA:23,0
DA:24,0
DA:27,0
DA:28,0
DA:30,0
DA:32,0
DA:34,0
DA:36,0
DA:38,0
DA:42,0
DA:51,0
DA:52,0
DA:53,0
DA:54,0
DA:55,0
DA:57,0
LF:31
LH:0
BRDA:14,0,0,0
BRDA:15,1,0,0
BRDA:15,1,1,0
BRDA:28,2,0,0
BRDA:28,2,1,0
BRDA:28,2,2,0
BRDA:28,2,3,0
BRDA:28,2,4,0
BRDA:51,3,0,0
BRDA:51,3,1,0
BRDA:93,4,0,0
BRDA:93,4,1,0
BRDA:94,5,0,0
BRDA:94,5,1,0
BRDA:94,5,2,0
BRDA:95,6,0,0
BRDA:95,6,1,0
BRDA:97,7,0,0
BRDA:97,7,1,0
BRF:19
BRH:0
end_of_record
TN:
SF:src/components/progress/MetricsGrid.tsx
FN:8,(anonymous_1)
FN:56,(anonymous_2)
FNF:2
FNH:0
FNDA:0,(anonymous_1)
FNDA:0,(anonymous_2)
DA:2,0
DA:3,0
DA:4,0
DA:5,0
DA:6,0
DA:8,0
DA:9,0
DA:10,0
DA:12,0
DA:14,0
DA:15,0
DA:17,0
DA:52,0
DA:57,0
DA:58,0
DA:59,0
DA:62,0
DA:66,0
LF:18
LH:0
BRDA:12,0,0,0
BRDA:12,0,1,0
BRDA:62,1,0,0
BRDA:62,1,1,0
BRDA:62,2,0,0
BRDA:62,2,1,0
BRDA:62,2,2,0
BRDA:73,3,0,0
BRDA:73,3,1,0
BRDA:74,4,0,0
BRDA:74,4,1,0
BRDA:75,5,0,0
BRDA:75,5,1,0
BRDA:76,6,0,0
BRDA:76,6,1,0
BRDA:86,7,0,0
BRDA:86,7,1,0
BRDA:89,8,0,0
BRDA:89,8,1,0
BRDA:93,9,0,0
BRDA:93,9,1,0
BRF:21
BRH:0
end_of_record
TN:
SF:src/components/progress/ProgressCharts.tsx
FN:9,(anonymous_1)
FN:28,(anonymous_2)
FNF:2
FNH:0
FNDA:0,(anonymous_1)
FNDA:0,(anonymous_2)
DA:2,0
DA:3,0
DA:4,0
DA:5,0
DA:6,0
DA:7,0
DA:9,0
DA:10,0
DA:11,0
DA:13,0
DA:28,0
DA:33,0
LF:12
LH:0
BRF:0
BRH:0
end_of_record
TN:
SF:src/components/progress/TimeframeSelector.tsx
FN:7,(anonymous_1)
FN:19,(anonymous_2)
FN:24,(anonymous_3)
FNF:3
FNH:0
FNDA:0,(anonymous_1)
FNDA:0,(anonymous_2)
FNDA:0,(anonymous_3)
DA:2,0
DA:3,0
DA:4,0
DA:5,0
DA:7,0
DA:8,0
DA:10,0
DA:17,0
DA:20,0
DA:24,0
LF:10
LH:0
BRDA:27,0,0,0
BRDA:27,0,1,0
BRF:2
BRH:0
end_of_record
TN:
SF:src/components/settings/AppearanceSettings.tsx
FN:11,(anonymous_1)
FN:16,(anonymous_2)
FN:22,(anonymous_3)
FN:58,(anonymous_4)
FN:69,(anonymous_5)
FN:87,(anonymous_6)
FN:108,(anonymous_7)
FNF:7
FNH:0
FNDA:0,(anonymous_1)
FNDA:0,(anonymous_2)
FNDA:0,(anonymous_3)
FNDA:0,(anonymous_4)
FNDA:0,(anonymous_5)
FNDA:0,(anonymous_6)
FNDA:0,(anonymous_7)
DA:2,0
DA:3,0
DA:4,0
DA:5,0
DA:6,0
DA:7,0
DA:8,0
DA:9,0
DA:11,0
DA:12,0
DA:16,0
DA:17,0
DA:22,0
DA:23,0
DA:26,0
DA:32,0
DA:39,0
DA:59,0
DA:60,0
DA:69,0
DA:88,0
DA:108,0
LF:22
LH:0
BRDA:63,0,0,0
BRDA:63,0,1,0
BRDA:65,1,0,0
BRDA:65,1,1,0
BRF:4
BRH:0
end_of_record
TN:
SF:src/components/settings/ChatSettings.tsx
FN:10,(anonymous_1)
FN:13,(anonymous_2)
FN:45,(anonymous_3)
FN:82,(anonymous_4)
FN:97,(anonymous_5)
FN:110,(anonymous_6)
FNF:6
FNH:0
FNDA:0,(anonymous_1)
FNDA:0,(anonymous_2)
FNDA:0,(anonymous_3)
FNDA:0,(anonymous_4)
FNDA:0,(anonymous_5)
FNDA:0,(anonymous_6)
DA:2,0
DA:3,0
DA:4,0
DA:5,0
DA:6,0
DA:7,0
DA:8,0
DA:10,0
DA:11,0
DA:13,0
DA:14,0
DA:17,0
DA:23,0
DA:46,0
DA:82,0
DA:98,0
DA:111,0
LF:17
LH:0
BRF:0
BRH:0
end_of_record
TN:
SF:src/components/settings/ProfileSettings.tsx
FN:12,(anonymous_6)
FN:21,(anonymous_7)
FN:22,(anonymous_8)
FN:28,(anonymous_9)
FN:34,(anonymous_10)
FN:56,(anonymous_11)
FN:107,(anonymous_12)
FN:121,(anonymous_13)
FNF:8
FNH:0
FNDA:0,(anonymous_6)
FNDA:0,(anonymous_7)
FNDA:0,(anonymous_8)
FNDA:0,(anonymous_9)
FNDA:0,(anonymous_10)
FNDA:0,(anonymous_11)
FNDA:0,(anonymous_12)
FNDA:0,(anonymous_13)
DA:2,0
DA:3,0
DA:4,0
DA:5,0
DA:6,0
DA:7,0
DA:8,0
DA:9,0
DA:10,0
DA:12,0
DA:13,0
DA:14,0
DA:15,0
DA:16,0
DA:21,0
DA:22,0
DA:28,0
DA:29,0
DA:31,0
DA:32,0
DA:34,0
DA:37,0
DA:42,0
DA:47,0
DA:52,0
DA:56,0
DA:57,0
DA:61,0
DA:67,0
DA:69,0
DA:107,0
DA:121,0
LF:32
LH:0
BRDA:17,0,0,0
BRDA:17,0,1,0
BRDA:18,1,0,0
BRDA:18,1,1,0
BRDA:29,2,0,0
BRDA:29,2,1,0
BRDA:58,3,0,0
BRDA:58,3,1,0
BRDA:59,4,0,0
BRDA:59,4,1,0
BRDA:67,5,0,0
BRDA:67,5,1,0
BRDA:89,6,0,0
BRDA:89,6,1,0
BRDA:132,7,0,0
BRDA:132,7,1,0
BRDA:141,8,0,0
BRDA:141,8,1,0
BRDA:150,9,0,0
BRDA:150,9,1,0
BRDA:153,10,0,0
BRDA:153,10,1,0
BRDA:165,11,0,0
BRDA:165,11,1,0
BRF:24
BRH:0
end_of_record
TN:
SF:src/components/settings/SecuritySettings.tsx
FN:10,(anonymous_1)
FN:13,(anonymous_2)
FN:18,(anonymous_3)
FN:45,(anonymous_4)
FN:58,(anonymous_5)
FN:71,(anonymous_6)
FNF:6
FNH:0
FNDA:0,(anonymous_1)
FNDA:0,(anonymous_2)
FNDA:0,(anonymous_3)
FNDA:0,(anonymous_4)
FNDA:0,(anonymous_5)
FNDA:0,(anonymous_6)
DA:2,0
DA:3,0
DA:4,0
DA:5,0
DA:6,0
DA:7,0
DA:8,0
DA:10,0
DA:11,0
DA:13,0
DA:14,0
DA:18,0
DA:19,0
DA:23,0
DA:46,0
DA:59,0
DA:72,0
LF:17
LH:0
BRF:0
BRH:0
end_of_record
TN:
SF:src/components/tokens/TokenBalance.tsx
FN:7,(anonymous_1)
FN:11,(anonymous_2)
FNF:2
FNH:0
FNDA:0,(anonymous_1)
FNDA:0,(anonymous_2)
DA:2,0
DA:3,0
DA:4,0
DA:5,0
DA:7,0
DA:8,0
DA:9,0
DA:11,0
DA:12,0
DA:13,0
DA:14,0
DA:17,0
LF:12
LH:0
BRDA:9,0,0,0
BRDA:9,0,1,0
BRDA:12,1,0,0
BRDA:12,1,1,0
BRDA:13,2,0,0
BRDA:13,2,1,0
BRDA:31,3,0,0
BRDA:31,3,1,0
BRF:8
BRH:0
end_of_record
TN:
SF:src/components/tokens/TokenPurchase.tsx
FN:39,(anonymous_6)
FN:45,(anonymous_7)
FN:51,(anonymous_8)
FN:86,(anonymous_9)
FN:112,(anonymous_10)
FNF:5
FNH:0
FNDA:0,(anonymous_6)
FNDA:0,(anonymous_7)
FNDA:0,(anonymous_8)
FNDA:0,(anonymous_9)
FNDA:0,(anonymous_10)
DA:2,0
DA:3,0
DA:4,0
DA:5,0
DA:6,0
DA:7,0
DA:8,0
DA:18,0
DA:39,0
DA:40,0
DA:41,0
DA:42,0
DA:43,0
DA:45,0
DA:46,0
DA:47,0
DA:49,0
DA:51,0
DA:53,0
DA:54,0
DA:56,0
DA:61,0
DA:63,0
DA:68,0
DA:69,0
DA:73,0
DA:87,0
DA:112,0
LF:28
LH:0
BRDA:53,0,0,0
BRDA:53,0,1,0
BRDA:90,1,0,0
BRDA:90,1,1,0
BRDA:93,2,0,0
BRDA:93,2,1,0
BRDA:105,3,0,0
BRDA:105,3,1,0
BRDA:115,4,0,0
BRDA:115,4,1,0
BRDA:120,5,0,0
BRDA:120,5,1,0
BRDA:120,6,0,0
BRDA:120,6,1,0
BRF:14
BRH:0
end_of_record
TN:
SF:src/components/training/PDFUpload.tsx
FN:10,(anonymous_6)
FN:14,(anonymous_7)
FN:24,(anonymous_8)
FN:81,(anonymous_9)
FNF:4
FNH:0
FNDA:0,(anonymous_6)
FNDA:0,(anonymous_7)
FNDA:0,(anonymous_8)
FNDA:0,(anonymous_9)
DA:2,0
DA:3,0
DA:4,0
DA:5,0
DA:6,0
DA:7,0
DA:8,0
DA:10,0
DA:11,0
DA:12,0
DA:14,0
DA:15,0
DA:16,0
DA:18,0
DA:19,0
DA:20,0
DA:23,0
DA:24,0
DA:25,0
DA:29,0
DA:69,0
DA:70,0
DA:73,0
DA:81,0
DA:82,0
DA:85,0
LF:26
LH:0
BRDA:16,0,0,0
BRDA:16,0,1,0
BRDA:94,1,0,0
BRDA:94,1,1,0
BRDA:98,2,0,0
BRDA:98,2,1,0
BRDA:105,3,0,0
BRDA:105,3,1,0
BRDA:130,4,0,0
BRDA:130,4,1,0
BRDA:140,5,0,0
BRDA:140,5,1,0
BRDA:140,5,2,0
BRDA:145,6,0,0
BRDA:145,6,1,0
BRF:15
BRH:0
end_of_record
TN:
SF:src/components/training/TrainingOverview.tsx
FN:20,(anonymous_1)
FN:111,(anonymous_2)
FN:138,(anonymous_3)
FN:150,(anonymous_4)
FNF:4
FNH:0
FNDA:0,(anonymous_1)
FNDA:0,(anonymous_2)
FNDA:0,(anonymous_3)
FNDA:0,(anonymous_4)
DA:2,0
DA:3,0
DA:4,0
DA:5,0
DA:6,0
DA:7,0
DA:17,0
DA:18,0
DA:20,0
DA:21,0
DA:23,0
DA:24,0
DA:43,0
DA:45,0
DA:112,0
DA:138,0
DA:151,0
LF:17
LH:0
BRDA:23,0,0,0
BRDA:23,0,1,0
BRDA:119,1,0,0
BRDA:119,1,1,0
BRDA:123,2,0,0
BRDA:123,2,1,0
BRDA:131,3,0,0
BRDA:131,3,1,0
BRDA:155,4,0,0
BRDA:155,4,1,0
BRF:10
BRH:0
end_of_record
TN:
SF:src/components/ui/accordion.tsx
FN:12,(anonymous_6)
FN:24,(anonymous_7)
FN:44,(anonymous_8)
FNF:3
FNH:0
FNDA:0,(anonymous_6)
FNDA:0,(anonymous_7)
FNDA:0,(anonymous_8)
DA:1,0
DA:2,0
DA:3,0
DA:5,0
DA:7,0
DA:9,0
DA:13,0
DA:19,0
DA:21,0
DA:25,0
DA:39,0
DA:41,0
DA:45,0
DA:54,0
DA:56,0
LF:15
LH:0
BRF:0
BRH:0
end_of_record
TN:
SF:src/components/ui/alert-dialog.tsx
FN:16,(anonymous_6)
FN:31,(anonymous_7)
FN:46,(anonymous_8)
FN:60,(anonymous_9)
FN:77,(anonymous_10)
FN:89,(anonymous_11)
FN:102,(anonymous_12)
FN:114,(anonymous_13)
FNF:8
FNH:0
FNDA:0,(anonymous_6)
FNDA:0,(anonymous_7)
FNDA:0,(anonymous_8)
FNDA:0,(anonymous_9)
FNDA:0,(anonymous_10)
FNDA:0,(anonymous_11)
FNDA:0,(anonymous_12)
FNDA:0,(anonymous_13)
DA:1,0
DA:2,0
DA:4,0
DA:5,0
DA:7,0
DA:9,0
DA:11,0
DA:13,0
DA:17,0
DA:26,0
DA:28,0
DA:32,0
DA:44,0
DA:46,0
DA:50,0
DA:58,0
DA:60,0
DA:64,0
DA:72,0
DA:74,0
DA:78,0
DA:84,0
DA:86,0
DA:90,0
DA:96,0
DA:99,0
DA:103,0
DA:109,0
DA:111,0
DA:115,0
DA:125,0
DA:128,0
DA:129,0
DA:130,0
DA:131,0
DA:132,0
DA:133,0
DA:134,0
DA:135,0
DA:136,0
DA:137,0
DA:138,0
LF:42
LH:0
BRF:0
BRH:0
end_of_record
TN:
SF:src/components/ui/alert.tsx
FN:25,(anonymous_6)
FN:38,(anonymous_7)
FN:50,(anonymous_8)
FNF:3
FNH:0
FNDA:0,(anonymous_6)
FNDA:0,(anonymous_7)
FNDA:0,(anonymous_8)
DA:1,0
DA:2,0
DA:4,0
DA:6,0
DA:22,0
DA:26,0
DA:33,0
DA:35,0
DA:39,0
DA:45,0
DA:47,0
DA:51,0
DA:57,0
DA:59,0
LF:14
LH:0
BRF:0
BRH:0
end_of_record
TN:
SF:src/components/ui/aspect-ratio.tsx
FNF:0
FNH:0
DA:1,0
DA:3,0
DA:5,0
LF:3
LH:0
BRF:0
BRH:0
end_of_record
TN:
SF:src/components/ui/avatar.tsx
FN:9,(anonymous_6)
FN:24,(anonymous_7)
FN:36,(anonymous_8)
FNF:3
FNH:0
FNDA:0,(anonymous_6)
FNDA:0,(anonymous_7)
FNDA:0,(anonymous_8)
DA:1,0
DA:2,0
DA:4,0
DA:6,0
DA:10,0
DA:19,0
DA:21,0
DA:25,0
DA:31,0
DA:33,0
DA:37,0
DA:46,0
DA:48,0
LF:13
LH:0
BRF:0
BRH:0
end_of_record
TN:
SF:src/components/ui/badge.tsx
FN:30,Badge
FNF:1
FNH:1
FNDA:4,Badge
DA:1,1
DA:2,1
DA:4,1
DA:6,1
DA:31,4
DA:36,1
LF:6
LH:6
BRF:0
BRH:0
end_of_record
TN:
SF:src/components/ui/breadcrumb.tsx
FN:12,(anonymous_6)
FN:18,(anonymous_7)
FN:33,(anonymous_8)
FN:47,(anonymous_9)
FN:63,(anonymous_10)
FN:75,(anonymous_11)
FN:91,(anonymous_12)
FNF:7
FNH:0
FNDA:0,(anonymous_6)
FNDA:0,(anonymous_7)
FNDA:0,(anonymous_8)
FNDA:0,(anonymous_9)
FNDA:0,(anonymous_10)
FNDA:0,(anonymous_11)
FNDA:0,(anonymous_12)
DA:1,0
DA:2,0
DA:3,0
DA:5,0
DA:7,0
DA:12,0
DA:13,0
DA:15,0
DA:19,0
DA:28,0
DA:30,0
DA:34,0
DA:40,0
DA:42,0
DA:48,0
DA:50,0
DA:58,0
DA:60,0
DA:64,0
DA:73,0
DA:75,0
DA:80,0
DA:89,0
DA:91,0
DA:95,0
DA:105,0
DA:108,0
DA:109,0
DA:110,0
DA:111,0
DA:112,0
DA:113,0
DA:114,0
LF:33
LH:0
BRDA:48,0,0,0
BRDA:48,0,1,0
BRDA:86,1,0,0
BRDA:86,1,1,0
BRF:4
BRH:0
end_of_record
TN:
SF:src/components/ui/button-variants.ts
FNF:0
FNH:0
DA:1,4
DA:3,4
DA:30,4
LF:3
LH:3
BRF:0
BRH:0
end_of_record
TN:
SF:src/components/ui/button.tsx
FN:15,(anonymous_6)
FNF:1
FNH:1
FNDA:88,(anonymous_6)
DA:1,4
DA:2,4
DA:5,4
DA:6,4
DA:14,4
DA:16,88
DA:17,88
DA:26,4
DA:28,4
LF:9
LH:9
BRDA:15,0,0,87
BRDA:16,1,0,1
BRDA:16,1,1,87
BRF:3
BRH:3
end_of_record
TN:
SF:src/components/ui/calendar.tsx
FN:10,Calendar
FN:55,(anonymous_7)
FN:56,(anonymous_8)
FNF:3
FNH:0
FNDA:0,Calendar
FNDA:0,(anonymous_7)
FNDA:0,(anonymous_8)
DA:1,0
DA:2,0
DA:3,0
DA:5,0
DA:6,0
DA:16,0
DA:55,0
DA:56,0
DA:62,0
DA:64,0
LF:10
LH:0
BRDA:13,0,0,0
BRF:1
BRH:0
end_of_record
TN:
SF:src/components/ui/card.tsx
FN:8,(anonymous_6)
FN:23,(anonymous_7)
FN:35,(anonymous_8)
FN:50,(anonymous_9)
FN:62,(anonymous_10)
FN:70,(anonymous_11)
FNF:6
FNH:6
FNDA:46,(anonymous_6)
FNDA:31,(anonymous_7)
FNDA:24,(anonymous_8)
FNDA:6,(anonymous_9)
FNDA:25,(anonymous_10)
FNDA:5,(anonymous_11)
DA:1,3
DA:3,3
DA:5,3
DA:9,46
DA:18,3
DA:20,3
DA:24,31
DA:30,3
DA:32,3
DA:36,24
DA:45,3
DA:47,3
DA:51,6
DA:57,3
DA:59,3
DA:63,25
DA:65,3
DA:67,3
DA:71,5
DA:77,3
DA:79,3
LF:21
LH:21
BRF:0
BRH:0
end_of_record
TN:
SF:src/components/ui/carousel.tsx
FN:33,useCarousel
FN:47,(anonymous_8)
FN:69,(anonymous_9)
FN:78,(anonymous_10)
FN:82,(anonymous_11)
FN:87,(anonymous_12)
FN:99,(anonymous_13)
FN:107,(anonymous_14)
FN:116,(anonymous_15)
FN:154,(anonymous_16)
FN:176,(anonymous_17)
FN:198,(anonymous_18)
FN:227,(anonymous_19)
FNF:13
FNH:0
FNDA:0,useCarousel
FNDA:0,(anonymous_8)
FNDA:0,(anonymous_9)
FNDA:0,(anonymous_10)
FNDA:0,(anonymous_11)
FNDA:0,(anonymous_12)
FNDA:0,(anonymous_13)
FNDA:0,(anonymous_14)
FNDA:0,(anonymous_15)
FNDA:0,(anonymous_16)
FNDA:0,(anonymous_17)
FNDA:0,(anonymous_18)
FNDA:0,(anonymous_19)
DA:1,0
DA:2,0
DA:5,0
DA:7,0
DA:8,0
DA:31,0
DA:34,0
DA:36,0
DA:37,0
DA:40,0
DA:43,0
DA:59,0
DA:66,0
DA:67,0
DA:69,0
DA:70,0
DA:71,0
DA:74,0
DA:75,0
DA:78,0
DA:79,0
DA:82,0
DA:83,0
DA:86,0
DA:88,0
DA:89,0
DA:90,0
DA:91,0
DA:92,0
DA:93,0
DA:99,0
DA:100,0
DA:101,0
DA:104,0
DA:107,0
DA:108,0
DA:109,0
DA:112,0
DA:113,0
DA:114,0
DA:116,0
DA:117,0
DA:121,0
DA:149,0
DA:151,0
DA:155,0
DA:157,0
DA:171,0
DA:173,0
DA:177,0
DA:179,0
DA:193,0
DA:195,0
DA:199,0
DA:201,0
DA:222,0
DA:224,0
DA:228,0
DA:230,0
DA:251,0
DA:255,0
DA:256,0
DA:257,0
DA:258,0
DA:259,0
LF:65
LH:0
BRDA:36,0,0,0
BRDA:36,0,1,0
BRDA:49,1,0,0
BRDA:62,2,0,0
BRDA:62,2,1,0
BRDA:70,3,0,0
BRDA:70,3,1,0
BRDA:88,4,0,0
BRDA:88,4,1,0
BRDA:91,5,0,0
BRDA:91,5,1,0
BRDA:100,6,0,0
BRDA:100,6,1,0
BRDA:100,7,0,0
BRDA:100,7,1,0
BRDA:108,8,0,0
BRDA:108,8,1,0
BRDA:128,9,0,0
BRDA:128,9,1,0
BRDA:128,10,0,0
BRDA:128,10,1,0
BRDA:163,11,0,0
BRDA:163,11,1,0
BRDA:186,12,0,0
BRDA:186,12,1,0
BRDA:198,13,0,0
BRDA:198,14,0,0
BRDA:208,15,0,0
BRDA:208,15,1,0
BRDA:227,16,0,0
BRDA:227,17,0,0
BRDA:237,18,0,0
BRDA:237,18,1,0
BRF:33
BRH:0
end_of_record
TN:
SF:src/components/ui/chart.tsx
FN:25,useChart
FN:43,(anonymous_7)
FN:68,(anonymous_8)
FN:70,(anonymous_9)
FN:82,(anonymous_10)
FN:85,(anonymous_11)
FN:114,(anonymous_12)
FN:134,(anonymous_13)
FN:186,(anonymous_14)
FN:267,(anonymous_15)
FN:286,(anonymous_16)
FN:318,getPayloadConfigFromPayload
FNF:12
FNH:0
FNDA:0,useChart
FNDA:0,(anonymous_7)
FNDA:0,(anonymous_8)
FNDA:0,(anonymous_9)
FNDA:0,(anonymous_10)
FNDA:0,(anonymous_11)
FNDA:0,(anonymous_12)
FNDA:0,(anonymous_13)
FNDA:0,(anonymous_14)
FNDA:0,(anonymous_15)
FNDA:0,(anonymous_16)
FNDA:0,getPayloadConfigFromPayload
DA:1,0
DA:2,0
DA:4,0
DA:7,0
DA:23,0
DA:26,0
DA:28,0
DA:29,0
DA:32,0
DA:35,0
DA:44,0
DA:45,0
DA:47,0
DA:66,0
DA:68,0
DA:69,0
DA:70,0
DA:73,0
DA:74,0
DA:77,0
DA:82,0
DA:87,0
DA:89,0
DA:101,0
DA:103,0
DA:132,0
DA:134,0
DA:135,0
DA:136,0
DA:139,0
DA:140,0
DA:141,0
DA:143,0
DA:147,0
DA:148,0
DA:155,0
DA:156,0
DA:159,0
DA:170,0
DA:171,0
DA:174,0
DA:176,0
DA:187,0
DA:188,0
DA:189,0
DA:191,0
DA:255,0
DA:257,0
DA:259,0
DA:271,0
DA:273,0
DA:274,0
DA:277,0
DA:287,0
DA:288,0
DA:290,0
DA:315,0
DA:323,0
DA:324,0
DA:328,0
DA:334,0
DA:336,0
DA:340,0
DA:341,0
DA:346,0
DA:351,0
DA:357,0
DA:358,0
DA:359,0
DA:360,0
DA:361,0
DA:362,0
LF:72
LH:0
BRDA:28,0,0,0
BRDA:28,0,1,0
BRDA:45,1,0,0
BRDA:45,1,1,0
BRDA:70,2,0,0
BRDA:70,2,1,0
BRDA:73,3,0,0
BRDA:73,3,1,0
BRDA:87,4,0,0
BRDA:87,4,1,0
BRDA:89,5,0,0
BRDA:89,5,1,0
BRDA:119,6,0,0
BRDA:120,7,0,0
BRDA:121,8,0,0
BRDA:135,9,0,0
BRDA:135,9,1,0
BRDA:135,10,0,0
BRDA:135,10,1,0
BRDA:140,11,0,0
BRDA:140,11,1,0
BRDA:140,11,2,0
BRDA:140,11,3,0
BRDA:143,12,0,0
BRDA:143,12,1,0
BRDA:143,13,0,0
BRDA:143,13,1,0
BRDA:144,14,0,0
BRDA:144,14,1,0
BRDA:147,15,0,0
BRDA:147,15,1,0
BRDA:155,16,0,0
BRDA:155,16,1,0
BRDA:170,17,0,0
BRDA:170,17,1,0
BRDA:170,18,0,0
BRDA:170,18,1,0
BRDA:174,19,0,0
BRDA:174,19,1,0
BRDA:184,20,0,0
BRDA:184,20,1,0
BRDA:187,21,0,0
BRDA:187,21,1,0
BRDA:187,21,2,0
BRDA:187,21,3,0
BRDA:189,22,0,0
BRDA:189,22,1,0
BRDA:189,22,2,0
BRDA:196,23,0,0
BRDA:196,23,1,0
BRDA:199,24,0,0
BRDA:199,24,1,0
BRDA:199,25,0,0
BRDA:199,25,1,0
BRDA:199,25,2,0
BRDA:203,26,0,0
BRDA:203,26,1,0
BRDA:206,27,0,0
BRDA:206,27,1,0
BRDA:215,28,0,0
BRDA:215,28,1,0
BRDA:230,29,0,0
BRDA:230,29,1,0
BRDA:234,30,0,0
BRDA:234,30,1,0
BRDA:236,31,0,0
BRDA:236,31,1,0
BRDA:239,32,0,0
BRDA:239,32,1,0
BRDA:268,33,0,0
BRDA:268,34,0,0
BRDA:273,35,0,0
BRDA:273,35,1,0
BRDA:282,36,0,0
BRDA:282,36,1,0
BRDA:287,37,0,0
BRDA:287,37,1,0
BRDA:287,37,2,0
BRDA:297,38,0,0
BRDA:297,38,1,0
BRDA:297,39,0,0
BRDA:297,39,1,0
BRDA:323,40,0,0
BRDA:323,40,1,0
BRDA:323,41,0,0
BRDA:323,41,1,0
BRDA:328,42,0,0
BRDA:328,42,1,0
BRDA:328,43,0,0
BRDA:328,43,1,0
BRDA:328,43,2,0
BRDA:336,44,0,0
BRDA:336,44,1,0
BRDA:337,45,0,0
BRDA:337,45,1,0
BRDA:341,46,0,0
BRDA:341,46,1,0
BRDA:342,47,0,0
BRDA:342,47,1,0
BRDA:342,47,2,0
BRDA:351,48,0,0
BRDA:351,48,1,0
BRF:102
BRH:0
end_of_record
TN:
SF:src/components/ui/checkbox.tsx
FN:10,(anonymous_6)
FNF:1
FNH:0
FNDA:0,(anonymous_6)
DA:1,0
DA:2,0
DA:3,0
DA:5,0
DA:7,0
DA:11,0
DA:26,0
DA:28,0
LF:8
LH:0
BRF:0
BRH:0
end_of_record
TN:
SF:src/components/ui/collapsible.tsx
FNF:0
FNH:0
DA:1,0
DA:3,0
DA:5,0
DA:7,0
DA:9,0
LF:5
LH:0
BRF:0
BRH:0
end_of_record
TN:
SF:src/components/ui/command.tsx
FN:12,(anonymous_6)
FN:26,(anonymous_7)
FN:41,(anonymous_8)
FN:60,(anonymous_9)
FN:73,(anonymous_10)
FN:86,(anonymous_11)
FN:102,(anonymous_12)
FN:114,(anonymous_13)
FN:127,(anonymous_14)
FNF:9
FNH:0
FNDA:0,(anonymous_6)
FNDA:0,(anonymous_7)
FNDA:0,(anonymous_8)
FNDA:0,(anonymous_9)
FNDA:0,(anonymous_10)
FNDA:0,(anonymous_11)
FNDA:0,(anonymous_12)
FNDA:0,(anonymous_13)
FNDA:0,(anonymous_14)
DA:1,0
DA:3,0
DA:4,0
DA:6,0
DA:7,0
DA:9,0
DA:13,0
DA:22,0
DA:26,0
DA:27,0
DA:38,0
DA:42,0
DA:55,0
DA:57,0
DA:61,0
DA:68,0
DA:70,0
DA:74,0
DA:81,0
DA:83,0
DA:87,0
DA:97,0
DA:99,0
DA:103,0
DA:109,0
DA:111,0
DA:115,0
DA:125,0
DA:127,0
DA:131,0
DA:141,0
DA:144,0
DA:145,0
DA:146,0
DA:147,0
DA:148,0
DA:149,0
DA:150,0
DA:151,0
DA:152,0
LF:40
LH:0
BRF:0
BRH:0
end_of_record
TN:
SF:src/components/ui/context-menu.tsx
FN:24,(anonymous_6)
FN:43,(anonymous_7)
FN:58,(anonymous_8)
FN:77,(anonymous_9)
FN:93,(anonymous_10)
FN:117,(anonymous_11)
FN:141,(anonymous_12)
FN:157,(anonymous_13)
FN:166,(anonymous_14)
FNF:9
FNH:0
FNDA:0,(anonymous_6)
FNDA:0,(anonymous_7)
FNDA:0,(anonymous_8)
FNDA:0,(anonymous_9)
FNDA:0,(anonymous_10)
FNDA:0,(anonymous_11)
FNDA:0,(anonymous_12)
FNDA:0,(anonymous_13)
FNDA:0,(anonymous_14)
DA:1,0
DA:2,0
DA:3,0
DA:5,0
DA:7,0
DA:9,0
DA:11,0
DA:13,0
DA:15,0
DA:17,0
DA:19,0
DA:25,0
DA:38,0
DA:40,0
DA:44,0
DA:53,0
DA:55,0
DA:59,0
DA:70,0
DA:72,0
DA:78,0
DA:88,0
DA:90,0
DA:94,0
DA:111,0
DA:114,0
DA:118,0
DA:134,0
DA:136,0
DA:142,0
DA:152,0
DA:154,0
DA:158,0
DA:164,0
DA:166,0
DA:170,0
DA:180,0
DA:183,0
DA:184,0
DA:185,0
DA:186,0
DA:187,0
DA:188,0
DA:189,0
DA:190,0
DA:191,0
DA:192,0
DA:193,0
DA:194,0
DA:195,0
DA:196,0
DA:197,0
LF:52
LH:0
BRDA:29,0,0,0
BRDA:29,0,1,0
BRDA:82,1,0,0
BRDA:82,1,1,0
BRDA:146,2,0,0
BRDA:146,2,1,0
BRF:6
BRH:0
end_of_record
TN:
SF:src/components/ui/dialog.tsx
FN:18,(anonymous_6)
FN:33,(anonymous_7)
FN:54,(anonymous_8)
FN:68,(anonymous_9)
FN:85,(anonymous_10)
FN:100,(anonymous_11)
FNF:6
FNH:0
FNDA:0,(anonymous_6)
FNDA:0,(anonymous_7)
FNDA:0,(anonymous_8)
FNDA:0,(anonymous_9)
FNDA:0,(anonymous_10)
FNDA:0,(anonymous_11)
DA:1,0
DA:2,0
DA:3,0
DA:5,0
DA:7,0
DA:9,0
DA:11,0
DA:13,0
DA:15,0
DA:19,0
DA:28,0
DA:30,0
DA:34,0
DA:52,0
DA:54,0
DA:58,0
DA:66,0
DA:68,0
DA:72,0
DA:80,0
DA:82,0
DA:86,0
DA:95,0
DA:97,0
DA:101,0
DA:107,0
DA:110,0
DA:111,0
DA:112,0
DA:113,0
DA:114,0
DA:115,0
DA:116,0
DA:117,0
DA:118,0
DA:119,0
LF:36
LH:0
BRF:0
BRH:0
end_of_record
TN:
SF:src/components/ui/drawer.tsx
FN:6,(anonymous_6)
FN:26,(anonymous_7)
FN:38,(anonymous_8)
FN:56,(anonymous_9)
FN:67,(anonymous_10)
FN:81,(anonymous_11)
FN:96,(anonymous_12)
FNF:7
FNH:0
FNDA:0,(anonymous_6)
FNDA:0,(anonymous_7)
FNDA:0,(anonymous_8)
FNDA:0,(anonymous_9)
FNDA:0,(anonymous_10)
FNDA:0,(anonymous_11)
FNDA:0,(anonymous_12)
DA:1,0
DA:2,0
DA:4,0
DA:6,0
DA:10,0
DA:15,0
DA:17,0
DA:19,0
DA:21,0
DA:23,0
DA:27,0
DA:33,0
DA:35,0
DA:39,0
DA:54,0
DA:56,0
DA:60,0
DA:65,0
DA:67,0
DA:71,0
DA:76,0
DA:78,0
DA:82,0
DA:91,0
DA:93,0
DA:97,0
DA:103,0
DA:106,0
DA:107,0
DA:108,0
DA:109,0
DA:110,0
DA:111,0
DA:112,0
DA:113,0
DA:114,0
DA:115,0
LF:37
LH:0
BRDA:7,0,0,0
BRF:1
BRH:0
end_of_record
TN:
SF:src/components/ui/dropdown-menu.tsx
FN:24,(anonymous_6)
FN:44,(anonymous_7)
FN:60,(anonymous_8)
FN:80,(anonymous_9)
FN:96,(anonymous_10)
FN:120,(anonymous_11)
FN:144,(anonymous_12)
FN:160,(anonymous_13)
FN:169,(anonymous_14)
FNF:9
FNH:0
FNDA:0,(anonymous_6)
FNDA:0,(anonymous_7)
FNDA:0,(anonymous_8)
FNDA:0,(anonymous_9)
FNDA:0,(anonymous_10)
FNDA:0,(anonymous_11)
FNDA:0,(anonymous_12)
FNDA:0,(anonymous_13)
FNDA:0,(anonymous_14)
DA:1,0
DA:2,0
DA:3,0
DA:5,0
DA:7,0
DA:9,0
DA:11,0
DA:13,0
DA:15,0
DA:17,0
DA:19,0
DA:25,0
DA:38,0
DA:41,0
DA:45,0
DA:54,0
DA:57,0
DA:61,0
DA:73,0
DA:75,0
DA:81,0
DA:91,0
DA:93,0
DA:97,0
DA:114,0
DA:117,0
DA:121,0
DA:137,0
DA:139,0
DA:145,0
DA:155,0
DA:157,0
DA:161,0
DA:167,0
DA:169,0
DA:173,0
DA:180,0
DA:183,0
DA:184,0
DA:185,0
DA:186,0
DA:187,0
DA:188,0
DA:189,0
DA:190,0
DA:191,0
DA:192,0
DA:193,0
DA:194,0
DA:195,0
DA:196,0
DA:197,0
LF:52
LH:0
BRDA:29,0,0,0
BRDA:29,0,1,0
BRDA:60,1,0,0
BRDA:85,2,0,0
BRDA:85,2,1,0
BRDA:149,3,0,0
BRDA:149,3,1,0
BRF:7
BRH:0
end_of_record
TN:
SF:src/components/ui/enhanced-toast.tsx
FN:14,(anonymous_0)
FN:29,(anonymous_1)
FN:46,(anonymous_2)
FN:48,(anonymous_3)
FN:69,(anonymous_4)
FN:72,(anonymous_5)
FN:75,(anonymous_6)
FN:78,(anonymous_7)
FN:81,(anonymous_8)
FNF:9
FNH:0
FNDA:0,(anonymous_0)
FNDA:0,(anonymous_1)
FNDA:0,(anonymous_2)
FNDA:0,(anonymous_3)
FNDA:0,(anonymous_4)
FNDA:0,(anonymous_5)
FNDA:0,(anonymous_6)
FNDA:0,(anonymous_7)
FNDA:0,(anonymous_8)
DA:2,0
DA:3,0
DA:14,0
DA:15,0
DA:17,0
DA:19,0
DA:21,0
DA:23,0
DA:25,0
DA:29,0
DA:30,0
DA:32,0
DA:34,0
DA:36,0
DA:38,0
DA:40,0
DA:42,0
DA:46,0
DA:47,0
DA:49,0
DA:69,0
DA:70,0
DA:72,0
DA:73,0
DA:75,0
DA:76,0
DA:78,0
DA:79,0
DA:81,0
DA:82,0
LF:30
LH:0
BRDA:15,0,0,0
BRDA:15,0,1,0
BRDA:15,0,2,0
BRDA:15,0,3,0
BRDA:15,0,4,0
BRDA:32,1,0,0
BRDA:32,1,1,0
BRDA:32,1,2,0
BRDA:32,1,3,0
BRDA:32,1,4,0
BRDA:46,2,0,0
BRDA:54,3,0,0
BRDA:54,3,1,0
BRF:13
BRH:0
end_of_record
TN:
SF:src/components/ui/form.tsx
FN:22,(anonymous_6)
FN:40,(anonymous_7)
FN:54,(anonymous_8)
FN:71,(anonymous_9)
FN:93,(anonymous_10)
FN:110,(anonymous_11)
FNF:6
FNH:6
FNDA:167,(anonymous_6)
FNDA:233,(anonymous_7)
FNDA:232,(anonymous_8)
FNDA:233,(anonymous_9)
FNDA:82,(anonymous_10)
FNDA:232,(anonymous_11)
DA:1,1
DA:3,1
DA:4,1
DA:12,1
DA:13,1
DA:14,1
DA:20,1
DA:22,1
DA:28,167
DA:37,1
DA:41,233
DA:43,233
DA:49,1
DA:51,1
DA:55,232
DA:57,232
DA:66,1
DA:68,1
DA:72,233
DA:74,233
DA:88,1
DA:90,1
DA:94,82
DA:96,82
DA:105,1
DA:107,1
DA:111,232
DA:112,232
DA:114,232
DA:115,196
DA:118,36
DA:129,1
DA:132,1
DA:133,1
DA:134,1
DA:135,1
DA:136,1
DA:137,1
DA:138,1
LF:39
LH:39
BRDA:60,0,0,232
BRDA:60,0,1,36
BRDA:79,1,0,197
BRDA:79,1,1,36
BRDA:112,2,0,36
BRDA:112,2,1,196
BRDA:114,3,0,196
BRDA:114,3,1,36
BRF:8
BRH:8
end_of_record
TN:
SF:src/components/ui/hover-card.tsx
FN:13,(anonymous_6)
FNF:1
FNH:0
FNDA:0,(anonymous_6)
DA:1,0
DA:2,0
DA:4,0
DA:6,0
DA:8,0
DA:10,0
DA:14,0
DA:25,0
DA:27,0
LF:9
LH:0
BRDA:13,0,0,0
BRDA:13,1,0,0
BRF:2
BRH:0
end_of_record
TN:
SF:src/components/ui/input-otp.tsx
FN:10,(anonymous_6)
FN:26,(anonymous_7)
FN:34,(anonymous_8)
FN:62,(anonymous_9)
FNF:4
FNH:0
FNDA:0,(anonymous_6)
FNDA:0,(anonymous_7)
FNDA:0,(anonymous_8)
FNDA:0,(anonymous_9)
DA:1,0
DA:2,0
DA:3,0
DA:5,0
DA:7,0
DA:11,0
DA:21,0
DA:23,0
DA:27,0
DA:29,0
DA:31,0
DA:35,0
DA:36,0
DA:38,0
DA:57,0
DA:59,0
DA:63,0
DA:67,0
DA:69,0
LF:19
LH:0
BRDA:43,0,0,0
BRDA:43,0,1,0
BRDA:49,1,0,0
[...]
DA:156,0
DA:157,0
DA:158,0
DA:161,0
DA:162,0
DA:166,0
DA:174,0
DA:175,0
DA:178,0
DA:179,0
DA:191,0
DA:192,0
DA:193,0
DA:196,0
DA:202,0
DA:203,0
DA:204,0
DA:206,0
DA:207,0
DA:215,0
DA:216,0
DA:219,0
DA:222,0
DA:223,0
DA:224,0
DA:225,0
DA:226,0
DA:227,0
DA:237,0
DA:240,0
DA:241,0
DA:242,0
DA:243,0
DA:252,0
DA:254,0
DA:255,0
DA:256,0
DA:257,0
DA:266,0
DA:268,0
DA:269,0
DA:270,0
DA:271,0
DA:280,0
DA:282,0
DA:283,0
DA:284,0
DA:285,0
DA:294,0
DA:313,0
DA:330,0
DA:337,0
DA:343,0
DA:345,0
DA:354,0
DA:357,0
DA:371,0
DA:372,0
DA:375,0
DA:376,0
DA:377,0
DA:381,0
DA:384,0
DA:389,0
DA:391,0
DA:397,0
DA:400,0
DA:401,0
DA:406,0
DA:408,0
DA:416,0
DA:417,0
DA:418,0
DA:419,0
DA:420,0
DA:422,0
DA:428,0
DA:430,0
DA:431,0
DA:434,0
DA:435,0
DA:438,0
DA:439,0
DA:443,0
DA:444,0
DA:449,0
DA:450,0
DA:452,0
DA:453,0
DA:470,0
DA:471,0
DA:472,0
DA:475,0
DA:477,0
DA:479,0
DA:480,0
DA:481,0
DA:486,0
DA:487,0
DA:488,0
DA:494,0
DA:495,0
DA:496,0
DA:499,0
DA:500,0
DA:501,0
DA:506,0
DA:509,0
DA:510,0
DA:511,0
DA:513,0
DA:519,0
DA:523,0
DA:528,0
DA:529,0
LF:154
LH:0
BRDA:9,0,0,0
BRDA:9,0,1,0
BRDA:10,1,0,0
BRDA:10,1,1,0
BRDA:112,2,0,0
BRDA:112,2,1,0
BRDA:122,3,0,0
BRDA:122,3,1,0
BRDA:122,4,0,0
BRDA:122,4,1,0
BRDA:130,5,0,0
BRDA:130,5,1,0
BRDA:141,6,0,0
BRDA:141,6,1,0
BRDA:144,7,0,0
BRDA:144,7,1,0
BRDA:145,8,0,0
BRDA:145,8,1,0
BRDA:174,9,0,0
BRDA:174,9,1,0
BRDA:191,10,0,0
BRDA:191,10,1,0
BRDA:191,11,0,0
BRDA:191,11,1,0
BRDA:215,12,0,0
BRDA:215,12,1,0
BRDA:224,13,0,0
BRDA:224,13,1,0
BRDA:226,14,0,0
BRDA:226,14,1,0
BRDA:242,15,0,0
BRDA:242,15,1,0
BRDA:256,16,0,0
BRDA:256,16,1,0
BRDA:270,17,0,0
BRDA:270,17,1,0
BRDA:284,18,0,0
BRDA:284,18,1,0
BRDA:375,19,0,0
BRDA:375,19,1,0
BRDA:400,20,0,0
BRDA:400,20,1,0
BRDA:417,21,0,0
BRDA:417,21,1,0
BRDA:428,22,0,0
BRDA:428,22,1,0
BRDA:428,22,2,0
BRDA:428,22,3,0
BRDA:452,23,0,0
BRDA:452,23,1,0
BRDA:452,24,0,0
BRDA:452,24,1,0
BRDA:470,25,0,0
BRDA:470,25,1,0
BRDA:487,26,0,0
BRDA:487,26,1,0
BRDA:487,27,0,0
BRDA:487,27,1,0
BRDA:494,28,0,0
BRDA:494,28,1,0
BRDA:499,29,0,0
BRDA:499,29,1,0
BRF:62
BRH:0
end_of_record
TN:
SF:src/services/websocket/biometricUpdates.service.ts
FN:44,(anonymous_0)
FN:48,(anonymous_1)
FN:51,(anonymous_2)
FN:52,(anonymous_3)
FN:62,(anonymous_4)
FN:86,(anonymous_5)
FN:101,(anonymous_6)
FN:116,(anonymous_7)
FN:145,(anonymous_8)
FN:163,(anonymous_9)
FN:168,(anonymous_10)
FN:180,(anonymous_11)
FN:185,(anonymous_12)
FN:210,(anonymous_13)
FN:218,(anonymous_14)
FN:231,(anonymous_15)
FN:236,(anonymous_16)
FN:237,(anonymous_17)
FN:247,(anonymous_18)
FN:254,(anonymous_19)
FN:262,(anonymous_20)
FN:269,(anonymous_21)
FN:279,(anonymous_22)
FN:289,(anonymous_23)
FN:305,(anonymous_24)
FN:321,(anonymous_25)
FN:332,(anonymous_26)
FN:343,(anonymous_27)
FN:351,(anonymous_28)
FN:356,(anonymous_29)
FN:359,(anonymous_30)
FN:364,(anonymous_31)
FN:368,(anonymous_32)
FN:379,(anonymous_33)
FN:388,(anonymous_34)
FN:398,(anonymous_35)
FN:402,(anonymous_36)
FN:404,(anonymous_37)
FN:408,(anonymous_38)
FN:412,(anonymous_39)
FN:413,(anonymous_40)
FN:415,(anonymous_41)
FN:425,(anonymous_42)
FN:432,(anonymous_43)
FN:443,(anonymous_44)
FN:444,(anonymous_45)
FNF:46
FNH:0
FNDA:0,(anonymous_0)
FNDA:0,(anonymous_1)
FNDA:0,(anonymous_2)
FNDA:0,(anonymous_3)
FNDA:0,(anonymous_4)
FNDA:0,(anonymous_5)
FNDA:0,(anonymous_6)
FNDA:0,(anonymous_7)
FNDA:0,(anonymous_8)
FNDA:0,(anonymous_9)
FNDA:0,(anonymous_10)
FNDA:0,(anonymous_11)
FNDA:0,(anonymous_12)
FNDA:0,(anonymous_13)
FNDA:0,(anonymous_14)
FNDA:0,(anonymous_15)
FNDA:0,(anonymous_16)
FNDA:0,(anonymous_17)
FNDA:0,(anonymous_18)
FNDA:0,(anonymous_19)
FNDA:0,(anonymous_20)
FNDA:0,(anonymous_21)
FNDA:0,(anonymous_22)
FNDA:0,(anonymous_23)
FNDA:0,(anonymous_24)
FNDA:0,(anonymous_25)
FNDA:0,(anonymous_26)
FNDA:0,(anonymous_27)
FNDA:0,(anonymous_28)
FNDA:0,(anonymous_29)
FNDA:0,(anonymous_30)
FNDA:0,(anonymous_31)
FNDA:0,(anonymous_32)
FNDA:0,(anonymous_33)
FNDA:0,(anonymous_34)
FNDA:0,(anonymous_35)
FNDA:0,(anonymous_36)
FNDA:0,(anonymous_37)
FNDA:0,(anonymous_38)
FNDA:0,(anonymous_39)
FNDA:0,(anonymous_40)
FNDA:0,(anonymous_41)
FNDA:0,(anonymous_42)
FNDA:0,(anonymous_43)
FNDA:0,(anonymous_44)
FNDA:0,(anonymous_45)
DA:7,0
DA:35,0
DA:36,0
DA:37,0
DA:38,0
DA:39,0
DA:40,0
DA:41,0
DA:42,0
DA:45,0
DA:50,0
DA:51,0
DA:53,0
DA:54,0
DA:55,0
DA:56,0
DA:63,0
DA:64,0
DA:67,0
DA:69,0
DA:70,0
DA:71,0
DA:73,0
DA:74,0
DA:78,0
DA:80,0
DA:81,0
DA:82,0
DA:83,0
DA:86,0
DA:87,0
DA:88,0
DA:89,0
DA:90,0
DA:95,0
DA:96,0
DA:97,0
DA:102,0
DA:103,0
DA:104,0
DA:107,0
DA:110,0
DA:113,0
DA:117,0
DA:118,0
DA:120,0
DA:122,0
DA:123,0
DA:126,0
DA:127,0
DA:130,0
DA:131,0
DA:134,0
DA:135,0
DA:138,0
DA:141,0
DA:146,0
DA:147,0
DA:148,0
DA:151,0
DA:158,0
DA:159,0
DA:164,0
DA:165,0
DA:169,0
DA:170,0
DA:171,0
DA:172,0
DA:175,0
DA:176,0
DA:178,0
DA:180,0
DA:181,0
DA:186,0
DA:188,0
DA:190,0
DA:191,0
DA:192,0
DA:193,0
DA:197,0
DA:203,0
DA:205,0
DA:206,0
DA:211,0
DA:213,0
DA:215,0
DA:220,0
DA:222,0
DA:223,0
DA:232,0
DA:233,0
DA:237,0
DA:238,0
DA:239,0
DA:248,0
DA:249,0
DA:250,0
DA:255,0
DA:256,0
DA:258,0
DA:263,0
DA:270,0
DA:280,0
DA:281,0
DA:282,0
DA:284,0
DA:285,0
DA:290,0
DA:298,0
DA:306,0
DA:314,0
DA:322,0
DA:333,0
DA:344,0
DA:345,0
DA:348,0
DA:351,0
DA:352,0
DA:357,0
DA:358,0
DA:359,0
DA:365,0
DA:369,0
DA:370,0
DA:376,0
DA:385,0
DA:388,0
DA:395,0
DA:398,0
DA:399,0
DA:400,0
DA:402,0
DA:404,0
DA:405,0
DA:408,0
DA:409,0
DA:412,0
DA:413,0
DA:414,0
DA:415,0
DA:416,0
DA:417,0
DA:419,0
DA:421,0
DA:425,0
DA:426,0
DA:430,0
DA:432,0
DA:433,0
DA:434,0
DA:435,0
DA:436,0
DA:440,0
DA:443,0
DA:444,0
LF:155
LH:0
BRDA:53,0,0,0
BRDA:53,0,1,0
BRDA:53,1,0,0
BRDA:53,1,1,0
BRDA:55,2,0,0
BRDA:55,2,1,0
BRDA:55,3,0,0
BRDA:55,3,1,0
BRDA:63,4,0,0
BRDA:63,4,1,0
BRDA:63,5,0,0
BRDA:63,5,1,0
BRDA:70,6,0,0
BRDA:70,6,1,0
BRDA:73,7,0,0
BRDA:73,7,1,0
BRDA:87,8,0,0
BRDA:87,8,1,0
BRDA:120,9,0,0
BRDA:120,9,1,0
BRDA:120,9,2,0
BRDA:120,9,3,0
BRDA:120,9,4,0
BRDA:158,10,0,0
BRDA:158,10,1,0
BRDA:169,11,0,0
BRDA:169,11,1,0
BRDA:190,12,0,0
BRDA:190,12,1,0
BRDA:192,13,0,0
BRDA:192,13,1,0
BRDA:215,14,0,0
BRDA:215,14,1,0
BRDA:222,15,0,0
BRDA:222,15,1,0
BRDA:222,16,0,0
BRDA:222,16,1,0
BRDA:238,17,0,0
BRDA:238,17,1,0
BRDA:248,18,0,0
BRDA:248,18,1,0
BRDA:255,19,0,0
BRDA:255,19,1,0
BRDA:280,20,0,0
BRDA:280,20,1,0
BRDA:289,21,0,0
BRDA:295,22,0,0
BRDA:295,22,1,0
BRDA:305,23,0,0
BRDA:311,24,0,0
BRDA:311,24,1,0
BRDA:344,25,0,0
BRDA:344,25,1,0
BRDA:358,26,0,0
BRDA:358,26,1,0
BRDA:369,27,0,0
BRDA:369,27,1,0
BRDA:370,28,0,0
BRDA:370,28,1,0
BRDA:389,29,0,0
BRDA:389,29,1,0
BRDA:416,30,0,0
BRDA:416,30,1,0
BRF:63
BRH:0
end_of_record
TN:
SF:src/store/agentStore.ts
FN:24,(anonymous_0)
FN:30,(anonymous_1)
FN:34,(anonymous_2)
FN:35,(anonymous_3)
FN:38,(anonymous_4)
FN:39,(anonymous_5)
FN:44,(anonymous_6)
FN:46,(anonymous_7)
FN:49,(anonymous_8)
FN:51,(anonymous_9)
FN:54,(anonymous_10)
FN:60,(anonymous_11)
FNF:12
FNH:0
FNDA:0,(anonymous_0)
FNDA:0,(anonymous_1)
FNDA:0,(anonymous_2)
FNDA:0,(anonymous_3)
FNDA:0,(anonymous_4)
FNDA:0,(anonymous_5)
FNDA:0,(anonymous_6)
FNDA:0,(anonymous_7)
FNDA:0,(anonymous_8)
FNDA:0,(anonymous_9)
FNDA:0,(anonymous_10)
FNDA:0,(anonymous_11)
DA:1,0
DA:2,0
DA:4,0
DA:5,0
DA:22,0
DA:24,0
DA:31,0
DA:35,0
DA:39,0
DA:45,0
DA:46,0
DA:50,0
DA:51,0
DA:55,0
DA:60,0
LF:15
LH:0
BRF:0
BRH:0
end_of_record
TN:
SF:src/store/authStore.ts
FN:32,(anonymous_0)
FN:37,(anonymous_1)
FN:46,(anonymous_2)
FN:50,(anonymous_3)
FN:57,(anonymous_4)
FN:61,(anonymous_5)
FN:72,(anonymous_6)
FN:85,(anonymous_7)
FN:92,(anonymous_8)
FNF:9
FNH:1
FNDA:1,(anonymous_0)
FNDA:0,(anonymous_1)
FNDA:0,(anonymous_2)
FNDA:0,(anonymous_3)
FNDA:0,(anonymous_4)
FNDA:0,(anonymous_5)
FNDA:0,(anonymous_6)
FNDA:0,(anonymous_7)
FNDA:0,(anonymous_8)
DA:2,1
DA:3,1
DA:30,1
DA:32,1
DA:39,0
DA:43,0
DA:47,0
DA:51,0
DA:52,0
DA:53,0
DA:58,0
DA:62,0
DA:63,0
DA:64,0
DA:68,0
DA:73,0
DA:74,0
DA:75,0
DA:79,0
DA:80,0
DA:82,0
DA:86,0
DA:87,0
DA:92,0
LF:24
LH:4
BRDA:41,0,0,0
BRDA:41,0,1,0
BRDA:52,1,0,0
BRDA:52,1,1,0
BRDA:63,2,0,0
BRDA:63,2,1,0
BRDA:74,3,0,0
BRDA:74,3,1,0
BRDA:74,4,0,0
BRDA:74,4,1,0
BRDA:87,5,0,0
BRDA:87,5,1,0
BRF:12
BRH:0
end_of_record
TN:
SF:src/store/chatStore.ts
FN:69,(anonymous_0)
FN:76,(anonymous_1)
FN:80,(anonymous_2)
FN:84,(anonymous_3)
FN:95,(anonymous_4)
FN:103,(anonymous_5)
FN:107,(anonymous_6)
FN:115,(anonymous_7)
FN:116,(anonymous_8)
FN:131,(anonymous_9)
FN:132,(anonymous_10)
FN:133,(anonymous_11)
FN:137,(anonymous_12)
FN:149,(anonymous_13)
FN:150,(anonymous_14)
FN:151,(anonymous_15)
FN:155,(anonymous_16)
FN:163,(anonymous_17)
FN:164,(anonymous_18)
FN:165,(anonymous_19)
FN:170,(anonymous_20)
FN:172,(anonymous_21)
FN:175,(anonymous_22)
FN:177,(anonymous_23)
FN:180,(anonymous_24)
FN:181,(anonymous_25)
FN:184,(anonymous_26)
FN:188,(anonymous_27)
FN:192,(anonymous_28)
FN:196,(anonymous_29)
FN:197,(anonymous_30)
FN:198,(anonymous_31)
FN:208,(anonymous_32)
FNF:33
FNH:0
FNDA:0,(anonymous_0)
FNDA:0,(anonymous_1)
FNDA:0,(anonymous_2)
FNDA:0,(anonymous_3)
FNDA:0,(anonymous_4)
FNDA:0,(anonymous_5)
FNDA:0,(anonymous_6)
FNDA:0,(anonymous_7)
FNDA:0,(anonymous_8)
FNDA:0,(anonymous_9)
FNDA:0,(anonymous_10)
FNDA:0,(anonymous_11)
FNDA:0,(anonymous_12)
FNDA:0,(anonymous_13)
FNDA:0,(anonymous_14)
FNDA:0,(anonymous_15)
FNDA:0,(anonymous_16)
FNDA:0,(anonymous_17)
FNDA:0,(anonymous_18)
FNDA:0,(anonymous_19)
FNDA:0,(anonymous_20)
FNDA:0,(anonymous_21)
FNDA:0,(anonymous_22)
FNDA:0,(anonymous_23)
FNDA:0,(anonymous_24)
FNDA:0,(anonymous_25)
FNDA:0,(anonymous_26)
FNDA:0,(anonymous_27)
FNDA:0,(anonymous_28)
FNDA:0,(anonymous_29)
FNDA:0,(anonymous_30)
FNDA:0,(anonymous_31)
FNDA:0,(anonymous_32)
DA:2,0
DA:3,0
DA:67,0
DA:69,0
DA:77,0
DA:81,0
DA:85,0
DA:86,0
DA:95,0
DA:100,0
DA:104,0
DA:108,0
DA:109,0
DA:115,0
DA:117,0
DA:128,0
DA:132,0
DA:134,0
DA:138,0
DA:150,0
DA:152,0
DA:155,0
DA:164,0
DA:165,0
DA:171,0
DA:172,0
DA:176,0
DA:177,0
DA:181,0
DA:185,0
DA:189,0
DA:193,0
DA:197,0
DA:199,0
DA:208,0
LF:35
LH:0
BRDA:117,0,0,0
BRDA:117,0,1,0
BRDA:122,1,0,0
BRDA:122,1,1,0
BRDA:134,2,0,0
BRDA:134,2,1,0
BRDA:138,3,0,0
BRDA:138,3,1,0
BRDA:152,4,0,0
BRDA:152,4,1,0
BRDA:166,5,0,0
BRDA:166,5,1,0
BRDA:172,6,0,0
BRDA:172,6,1,0
BRDA:199,7,0,0
BRDA:199,7,1,0
BRF:16
BRH:0
end_of_record
TN:
SF:src/store/hybridIntelligenceStore.ts
FN:85,(anonymous_0)
FN:104,(anonymous_1)
FN:130,(anonymous_2)
FN:157,(anonymous_3)
FN:183,(anonymous_4)
FN:209,(anonymous_5)
FN:228,(anonymous_6)
FN:229,(anonymous_7)
FN:244,(anonymous_8)
FN:248,(anonymous_9)
FN:254,(anonymous_10)
FN:258,(anonymous_11)
FN:259,(anonymous_12)
FN:273,(anonymous_13)
FN:284,(anonymous_14)
FN:321,(anonymous_15)
FN:349,(anonymous_16)
FN:384,(anonymous_17)
FN:389,(anonymous_18)
FN:407,(anonymous_19)
FN:412,(anonymous_20)
FN:417,(anonymous_21)
FN:424,(anonymous_22)
FN:430,(anonymous_23)
FN:437,(anonymous_24)
FN:441,(anonymous_25)
FN:447,(anonymous_26)
FN:452,(anonymous_27)
FN:454,(anonymous_28)
FN:459,(anonymous_29)
FNF:30
FNH:1
FNDA:1,(anonymous_0)
FNDA:0,(anonymous_1)
FNDA:0,(anonymous_2)
FNDA:0,(anonymous_3)
FNDA:0,(anonymous_4)
FNDA:0,(anonymous_5)
FNDA:0,(anonymous_6)
FNDA:0,(anonymous_7)
FNDA:0,(anonymous_8)
FNDA:0,(anonymous_9)
FNDA:0,(anonymous_10)
FNDA:0,(anonymous_11)
FNDA:0,(anonymous_12)
FNDA:0,(anonymous_13)
FNDA:0,(anonymous_14)
FNDA:0,(anonymous_15)
FNDA:0,(anonymous_16)
FNDA:0,(anonymous_17)
FNDA:0,(anonymous_18)
FNDA:0,(anonymous_19)
FNDA:0,(anonymous_20)
FNDA:0,(anonymous_21)
FNDA:0,(anonymous_22)
FNDA:0,(anonymous_23)
FNDA:0,(anonymous_24)
FNDA:0,(anonymous_25)
FNDA:0,(anonymous_26)
FNDA:0,(anonymous_27)
FNDA:0,(anonymous_28)
FNDA:0,(anonymous_29)
DA:8,1
DA:9,1
DA:10,1
DA:83,1
DA:85,1
DA:105,0
DA:107,0
DA:108,0
DA:110,0
DA:119,0
DA:121,0
DA:122,0
DA:131,0
DA:133,0
DA:134,0
DA:136,0
DA:147,0
DA:148,0
DA:158,0
DA:159,0
DA:161,0
DA:167,0
DA:168,0
DA:169,0
DA:177,0
DA:178,0
DA:184,0
DA:185,0
DA:187,0
DA:193,0
DA:194,0
DA:195,0
DA:203,0
DA:204,0
DA:210,0
DA:211,0
DA:218,0
DA:220,0
DA:222,0
DA:223,0
DA:229,0
DA:245,0
DA:246,0
DA:248,0
DA:253,0
DA:254,0
DA:257,0
DA:258,0
DA:260,0
DA:267,0
DA:274,0
DA:275,0
DA:276,0
DA:278,0
DA:285,0
DA:287,0
DA:290,0
DA:291,0
DA:294,0
DA:295,0
DA:297,0
DA:299,0
DA:300,0
DA:302,0
DA:303,0
DA:305,0
DA:306,0
DA:308,0
DA:309,0
DA:311,0
DA:312,0
DA:314,0
DA:317,0
DA:322,0
DA:323,0
DA:325,0
DA:326,0
DA:328,0
DA:330,0
DA:332,0
DA:334,0
DA:336,0
DA:338,0
DA:342,0
DA:350,0
DA:351,0
DA:353,0
DA:354,0
DA:357,0
DA:358,0
DA:359,0
DA:360,0
DA:364,0
DA:365,0
DA:369,0
DA:370,0
DA:374,0
DA:375,0
DA:376,0
DA:377,0
DA:380,0
DA:385,0
DA:390,0
DA:408,0
DA:413,0
DA:414,0
DA:418,0
DA:419,0
DA:420,0
DA:422,0
DA:423,0
DA:424,0
DA:425,0
DA:428,0
DA:429,0
DA:430,0
DA:431,0
DA:434,0
DA:438,0
DA:439,0
DA:441,0
DA:442,0
DA:444,0
DA:448,0
DA:449,0
DA:451,0
DA:452,0
DA:454,0
DA:459,0
LF:129
LH:5
BRDA:113,0,0,0
BRDA:113,0,1,0
BRDA:123,1,0,0
BRDA:123,1,1,0
BRDA:130,2,0,0
BRDA:139,3,0,0
BRDA:139,3,1,0
BRDA:142,4,0,0
BRDA:142,4,1,0
BRDA:149,5,0,0
BRDA:149,5,1,0
BRDA:168,6,0,0
BRDA:168,6,1,0
BRDA:178,7,0,0
BRDA:178,7,1,0
BRDA:194,8,0,0
BRDA:194,8,1,0
BRDA:204,9,0,0
BRDA:204,9,1,0
BRDA:234,10,0,0
BRDA:234,10,1,0
BRDA:257,11,0,0
BRDA:257,11,1,0
BRDA:260,12,0,0
BRDA:260,12,1,0
BRDA:273,13,0,0
BRDA:287,14,0,0
BRDA:287,14,1,0
BRDA:287,15,0,0
BRDA:287,15,1,0
BRDA:291,16,0,0
BRDA:291,16,1,0
BRDA:297,17,0,0
BRDA:297,17,1,0
BRDA:297,17,2,0
BRDA:297,17,3,0
BRDA:297,17,4,0
BRDA:297,17,5,0
BRDA:299,18,0,0
BRDA:299,18,1,0
BRDA:302,19,0,0
BRDA:302,19,1,0
BRDA:305,20,0,0
BRDA:305,20,1,0
BRDA:308,21,0,0
BRDA:308,21,1,0
BRDA:311,22,0,0
BRDA:311,22,1,0
BRDA:323,23,0,0
BRDA:323,23,1,0
BRDA:326,24,0,0
BRDA:326,24,1,0
BRDA:326,25,0,0
BRDA:326,25,1,0
BRDA:330,26,0,0
BRDA:330,26,1,0
BRDA:330,26,2,0
BRDA:330,26,3,0
BRDA:330,26,4,0
BRDA:338,27,0,0
BRDA:338,27,1,0
BRDA:342,28,0,0
BRDA:342,28,1,0
BRDA:351,29,0,0
BRDA:351,29,1,0
BRDA:351,30,0,0
BRDA:351,30,1,0
BRDA:357,31,0,0
BRDA:357,31,1,0
BRDA:357,32,0,0
BRDA:357,32,1,0
BRDA:359,33,0,0
BRDA:359,33,1,0
BRDA:359,34,0,0
BRDA:359,34,1,0
BRDA:364,35,0,0
BRDA:364,35,1,0
BRDA:364,36,0,0
BRDA:364,36,1,0
BRDA:369,37,0,0
BRDA:369,37,1,0
BRDA:369,38,0,0
BRDA:369,38,1,0
BRDA:374,39,0,0
BRDA:374,39,1,0
BRDA:374,40,0,0
BRDA:374,40,1,0
BRDA:376,41,0,0
BRDA:376,41,1,0
BRDA:376,42,0,0
BRDA:376,42,1,0
BRDA:380,43,0,0
BRDA:380,43,1,0
BRDA:422,44,0,0
BRDA:422,44,1,0
BRDA:428,45,0,0
BRDA:428,45,1,0
BRDA:434,46,0,0
BRDA:434,46,1,0
BRDA:439,47,0,0
BRDA:439,47,1,0
BRDA:449,48,0,0
BRDA:449,48,1,0
BRF:103
BRH:0
end_of_record
TN:
SF:src/store/nutritionStore.ts
FN:43,(anonymous_0)
FN:49,(anonymous_1)
FN:54,(anonymous_2)
FN:55,(anonymous_3)
FN:56,(anonymous_4)
FN:60,(anonymous_5)
FN:61,(anonymous_6)
FN:62,(anonymous_7)
FN:66,(anonymous_8)
FNF:9
FNH:0
FNDA:0,(anonymous_0)
FNDA:0,(anonymous_1)
FNDA:0,(anonymous_2)
FNDA:0,(anonymous_3)
FNDA:0,(anonymous_4)
FNDA:0,(anonymous_5)
FNDA:0,(anonymous_6)
FNDA:0,(anonymous_7)
FNDA:0,(anonymous_8)
DA:2,0
DA:3,0
DA:41,0
DA:43,0
DA:50,0
DA:51,0
DA:55,0
DA:56,0
DA:60,0
DA:61,0
DA:62,0
DA:66,0
LF:12
LH:0
BRF:0
BRH:0
end_of_record
TN:
SF:src/store/progressStore.ts
FN:73,(anonymous_0)
FN:79,(anonymous_1)
FN:81,(anonymous_2)
FN:81,(anonymous_3)
FN:82,(anonymous_4)
FN:87,(anonymous_5)
FN:87,(anonymous_6)
FN:88,(anonymous_7)
FN:93,(anonymous_8)
FN:93,(anonymous_9)
FN:97,(anonymous_10)
FN:117,(anonymous_11)
FN:122,(anonymous_12)
FNF:13
FNH:0
FNDA:0,(anonymous_0)
FNDA:0,(anonymous_1)
FNDA:0,(anonymous_2)
FNDA:0,(anonymous_3)
FNDA:0,(anonymous_4)
FNDA:0,(anonymous_5)
FNDA:0,(anonymous_6)
FNDA:0,(anonymous_7)
FNDA:0,(anonymous_8)
FNDA:0,(anonymous_9)
FNDA:0,(anonymous_10)
FNDA:0,(anonymous_11)
FNDA:0,(anonymous_12)
DA:2,0
DA:3,0
DA:50,0
DA:58,0
DA:65,0
DA:71,0
DA:73,0
DA:79,0
DA:81,0
DA:83,0
DA:87,0
DA:89,0
DA:93,0
DA:98,0
DA:99,0
DA:100,0
DA:102,0
DA:104,0
DA:105,0
DA:107,0
DA:108,0
DA:110,0
DA:111,0
DA:113,0
DA:114,0
DA:117,0
DA:122,0
LF:27
LH:0
BRDA:89,0,0,0
BRDA:89,0,1,0
BRDA:102,1,0,0
BRDA:102,1,1,0
BRDA:102,1,2,0
BRDA:102,1,3,0
BRF:6
BRH:0
end_of_record
TN:
SF:src/store/settingsStore.ts
FN:53,(anonymous_0)
FN:56,(anonymous_1)
FN:57,(anonymous_2)
FN:62,(anonymous_3)
FN:66,(anonymous_4)
FN:67,(anonymous_5)
FN:75,(anonymous_6)
FN:76,(anonymous_7)
FNF:8
FNH:0
FNDA:0,(anonymous_0)
FNDA:0,(anonymous_1)
FNDA:0,(anonymous_2)
FNDA:0,(anonymous_3)
FNDA:0,(anonymous_4)
FNDA:0,(anonymous_5)
FNDA:0,(anonymous_6)
FNDA:0,(anonymous_7)
DA:2,0
DA:3,0
DA:33,0
DA:51,0
DA:53,0
DA:57,0
DA:63,0
DA:67,0
DA:76,0
LF:9
LH:0
BRF:0
BRH:0
end_of_record
TN:
SF:src/store/trainingStore.ts
FN:58,(anonymous_0)
FN:65,(anonymous_1)
FN:70,(anonymous_2)
FN:71,(anonymous_3)
FN:72,(anonymous_4)
FN:76,(anonymous_5)
FN:77,(anonymous_6)
FN:78,(anonymous_7)
FN:80,(anonymous_8)
FN:81,(anonymous_9)
FN:86,(anonymous_10)
FN:98,(anonymous_11)
FN:103,(anonymous_12)
FN:116,(anonymous_13)
FNF:14
FNH:0
FNDA:0,(anonymous_0)
FNDA:0,(anonymous_1)
FNDA:0,(anonymous_2)
FNDA:0,(anonymous_3)
FNDA:0,(anonymous_4)
FNDA:0,(anonymous_5)
FNDA:0,(anonymous_6)
FNDA:0,(anonymous_7)
FNDA:0,(anonymous_8)
FNDA:0,(anonymous_9)
FNDA:0,(anonymous_10)
FNDA:0,(anonymous_11)
FNDA:0,(anonymous_12)
FNDA:0,(anonymous_13)
DA:2,0
DA:3,0
DA:56,0
DA:58,0
DA:66,0
DA:67,0
DA:71,0
DA:72,0
DA:76,0
DA:77,0
DA:78,0
DA:81,0
DA:82,0
DA:84,0
DA:87,0
DA:94,0
DA:103,0
DA:116,0
LF:18
LH:0
BRDA:82,0,0,0
BRDA:82,0,1,0
BRDA:87,1,0,0
BRDA:87,1,1,0
BRDA:107,2,0,0
BRDA:107,2,1,0
BRF:6
BRH:0
end_of_record
TN:
SF:src/store/uiStore.ts
FN:27,(anonymous_0)
FN:34,(anonymous_1)
FN:35,(anonymous_2)
FN:38,(anonymous_3)
FN:39,(anonymous_4)
FN:42,(anonymous_5)
FN:46,(anonymous_6)
FN:50,(anonymous_7)
FN:54,(anonymous_8)
FN:58,(anonymous_9)
FN:64,(anonymous_10)
FN:69,(anonymous_11)
FN:70,(anonymous_12)
FN:71,(anonymous_13)
FNF:14
FNH:0
FNDA:0,(anonymous_0)
FNDA:0,(anonymous_1)
FNDA:0,(anonymous_2)
FNDA:0,(anonymous_3)
FNDA:0,(anonymous_4)
FNDA:0,(anonymous_5)
FNDA:0,(anonymous_6)
FNDA:0,(anonymous_7)
FNDA:0,(anonymous_8)
FNDA:0,(anonymous_9)
FNDA:0,(anonymous_10)
FNDA:0,(anonymous_11)
FNDA:0,(anonymous_12)
FNDA:0,(anonymous_13)
DA:2,0
DA:27,0
DA:35,0
DA:39,0
DA:43,0
DA:47,0
DA:51,0
DA:55,0
DA:59,0
DA:64,0
DA:70,0
DA:71,0
LF:12
LH:0
BRF:0
BRH:0
end_of_record
TN:
SF:src/store/wearablesStore.ts
FN:92,(anonymous_0)
FN:101,(anonymous_1)
FN:102,(anonymous_2)
FN:107,(anonymous_3)
FN:108,(anonymous_4)
FN:109,(anonymous_5)
FN:115,(anonymous_6)
FN:116,(anonymous_7)
FN:121,(anonymous_8)
FN:122,(anonymous_9)
FN:127,(anonymous_10)
FN:128,(anonymous_11)
FN:129,(anonymous_12)
FN:135,(anonymous_13)
FN:136,(anonymous_14)
FN:137,(anonymous_15)
FN:139,(anonymous_16)
FN:146,(anonymous_17)
FN:147,(anonymous_18)
FN:168,(anonymous_19)
FN:175,(anonymous_20)
FN:182,(anonymous_21)
FN:186,(anonymous_22)
FN:188,(anonymous_23)
FN:210,(anonymous_24)
FN:212,(anonymous_25)
FN:238,(anonymous_26)
FNF:27
FNH:0
FNDA:0,(anonymous_0)
FNDA:0,(anonymous_1)
FNDA:0,(anonymous_2)
FNDA:0,(anonymous_3)
FNDA:0,(anonymous_4)
FNDA:0,(anonymous_5)
FNDA:0,(anonymous_6)
FNDA:0,(anonymous_7)
FNDA:0,(anonymous_8)
FNDA:0,(anonymous_9)
FNDA:0,(anonymous_10)
FNDA:0,(anonymous_11)
FNDA:0,(anonymous_12)
FNDA:0,(anonymous_13)
FNDA:0,(anonymous_14)
FNDA:0,(anonymous_15)
FNDA:0,(anonymous_16)
FNDA:0,(anonymous_17)
FNDA:0,(anonymous_18)
FNDA:0,(anonymous_19)
FNDA:0,(anonymous_20)
FNDA:0,(anonymous_21)
FNDA:0,(anonymous_22)
FNDA:0,(anonymous_23)
FNDA:0,(anonymous_24)
FNDA:0,(anonymous_25)
FNDA:0,(anonymous_26)
DA:2,0
DA:3,0
DA:60,0
DA:90,0
DA:92,0
DA:102,0
DA:108,0
DA:110,0
DA:116,0
DA:122,0
DA:128,0
DA:130,0
DA:135,0
DA:136,0
DA:137,0
DA:140,0
DA:142,0
DA:144,0
DA:146,0
DA:147,0
DA:150,0
DA:160,0
DA:163,0
DA:164,0
DA:167,0
DA:168,0
DA:171,0
DA:176,0
DA:178,0
DA:180,0
DA:181,0
DA:182,0
DA:186,0
DA:187,0
DA:188,0
DA:190,0
DA:191,0
DA:210,0
DA:211,0
DA:212,0
DA:214,0
DA:215,0
DA:233,0
DA:238,0
LF:44
LH:0
BRDA:110,0,0,0
BRDA:110,0,1,0
BRDA:130,1,0,0
BRDA:130,1,1,0
BRDA:178,2,0,0
BRDA:178,2,1,0
BRDA:187,3,0,0
BRDA:187,3,1,0
BRDA:190,4,0,0
BRDA:190,4,1,0
BRDA:211,5,0,0
BRDA:211,5,1,0
BRDA:214,6,0,0
BRDA:214,6,1,0
BRF:14
BRH:0
end_of_record
TN:
SF:src/utils/intentAnalysis.ts
FN:2,(anonymous_0)
FN:17,(anonymous_1)
FN:18,(anonymous_2)
FNF:3
FNH:0
FNDA:0,(anonymous_0)
FNDA:0,(anonymous_1)
FNDA:0,(anonymous_2)
DA:2,0
DA:3,0
DA:14,0
DA:15,0
DA:17,0
DA:18,0
DA:19,0
DA:23,0
LF:8
LH:0
BRDA:18,0,0,0
BRDA:18,0,1,0
BRDA:23,1,0,0
BRDA:23,1,1,0
BRF:4
BRH:0
end_of_record
